The system is: Linux - 3.10.0-1160.62.1.el7.x86_64 - x86_64
Compiling the C compiler identification source file "CMakeCCompilerId.c" succeeded.
Compiler: /usr/local_rwth/sw/gcc/11.2.0/bin/gcc 
Build flags: 
Id flags:  

The output was:
0


Compilation of the C compiler identification source "CMakeCCompilerId.c" produced "a.out"

The C compiler identification is GNU, found in "/home/op115134/Software/YasamanAnalysis/Programs/MeasuringTime/CMakeFiles/3.20.0/CompilerIdC/a.out"

Compiling the CXX compiler identification source file "CMakeCXXCompilerId.cpp" succeeded.
Compiler: /usr/local_rwth/sw/gcc/11.2.0/bin/g++ 
Build flags: 
Id flags:  

The output was:
0


Compilation of the CXX compiler identification source "CMakeCXXCompilerId.cpp" produced "a.out"

The CXX compiler identification is GNU, found in "/home/op115134/Software/YasamanAnalysis/Programs/MeasuringTime/CMakeFiles/3.20.0/CompilerIdCXX/a.out"

Detecting C compiler ABI info compiled with the following output:
Change Dir: /home/op115134/Software/YasamanAnalysis/Programs/MeasuringTime/CMakeFiles/CMakeTmp

Run Build Command(s):/usr/local_rwth/bin/gmake -f Makefile cmTC_b0953/fast && /usr/local_rwth/bin/gmake  -f CMakeFiles/cmTC_b0953.dir/build.make CMakeFiles/cmTC_b0953.dir/build
gmake[1]: Entering directory `/rwthfs/rz/cluster/home/op115134/Software/YasamanAnalysis/Programs/MeasuringTime/CMakeFiles/CMakeTmp'
Building C object CMakeFiles/cmTC_b0953.dir/CMakeCCompilerABI.c.o
/usr/local_rwth/sw/gcc/11.2.0/bin/gcc   -v -o CMakeFiles/cmTC_b0953.dir/CMakeCCompilerABI.c.o -c /cvmfs/sft.cern.ch/lcg/releases/CMake/3.20.0-790a8/x86_64-centos7-gcc11-opt/share/cmake-3.20/Modules/CMakeCCompilerABI.c
Using built-in specs.
COLLECT_GCC=/usr/local_rwth/sw/gcc/11.2.0/bin/gcc
OFFLOAD_TARGET_NAMES=nvptx-none
Target: x86_64-pc-linux-gnu
Configured with: ../../SOURCES/gcc-11.2.0/configure --prefix=/usr/local_rwth/sw/gcc/11.2.0 --enable-offload-targets=nvptx-none --enable-languages=c,c++,objc,obj-c++,fortran --enable-lto --enable-install-libiberty --with-gmp=/dev/shm/jprotze/gcc-build/build/destdir/usr/local_rwth/sw/gcc/11.2.0 --with-gmp-lib=/dev/shm/jprotze/gcc-build/build/destdir/usr/local_rwth/sw/gcc/11.2.0/lib64 --with-mpfr=/dev/shm/jprotze/gcc-build/build/destdir/usr/local_rwth/sw/gcc/11.2.0 --with-mpfr-lib=/dev/shm/jprotze/gcc-build/build/destdir/usr/local_rwth/sw/gcc/11.2.0/lib64 --with-mpc=/dev/shm/jprotze/gcc-build/build/destdir/usr/local_rwth/sw/gcc/11.2.0 --with-mpc-lib=/dev/shm/jprotze/gcc-build/build/destdir/usr/local_rwth/sw/gcc/11.2.0/lib64 --with-ppl=/dev/shm/jprotze/gcc-build/build/destdir/usr/local_rwth/sw/gcc/11.2.0 --with-isl --with-default-libstdcxx-abi=gcc4-compatible LDFLAGS='-Wl,-rpath,/usr/local_rwth/sw/gcc/11.2.0/lib64 -Wl,-rpath,/usr/local_rwth/sw/gcc/11.2.0/lib'
Thread model: posix
Supported LTO compression algorithms: zlib
gcc version 11.2.0 (GCC) 
COLLECT_GCC_OPTIONS='-v' '-o' 'CMakeFiles/cmTC_b0953.dir/CMakeCCompilerABI.c.o' '-c' '-mtune=generic' '-march=x86-64' '-dumpdir' 'CMakeFiles/cmTC_b0953.dir/'
 /usr/local_rwth/sw/gcc/11.2.0/libexec/gcc/x86_64-pc-linux-gnu/11.2.0/cc1 -quiet -v -iprefix /rwthfs/rz/SW/gcc/CENTOS-7.3/11.2.0/bin/../lib/gcc/x86_64-pc-linux-gnu/11.2.0/ -isystem /cvmfs/sft.cern.ch/lcg/releases/gcc/11.1.0-e80bf/x86_64-centos7/include /cvmfs/sft.cern.ch/lcg/releases/CMake/3.20.0-790a8/x86_64-centos7-gcc11-opt/share/cmake-3.20/Modules/CMakeCCompilerABI.c -quiet -dumpdir CMakeFiles/cmTC_b0953.dir/ -dumpbase CMakeCCompilerABI.c.c -dumpbase-ext .c -mtune=generic -march=x86-64 -version -o /tmp/op115134/login18-4_72757/ccgyjnZo.s
GNU C17 (GCC) version 11.2.0 (x86_64-pc-linux-gnu)
	compiled by GNU C version 11.2.0, GMP version 6.2.1, MPFR version 4.1.0, MPC version 1.2.1, isl version isl-0.24-GMP

GGC heuristics: --param ggc-min-expand=100 --param ggc-min-heapsize=131072
ignoring nonexistent directory "/rwthfs/rz/SW/gcc/CENTOS-7.3/11.2.0/bin/../lib/gcc/x86_64-pc-linux-gnu/11.2.0/../../../../x86_64-pc-linux-gnu/include"
ignoring duplicate directory "/rwthfs/rz/SW/gcc/CENTOS-7.3/11.2.0/bin/../lib/gcc/../../lib/gcc/x86_64-pc-linux-gnu/11.2.0/include"
ignoring duplicate directory "/rwthfs/rz/SW/gcc/CENTOS-7.3/11.2.0/bin/../lib/gcc/../../lib/gcc/x86_64-pc-linux-gnu/11.2.0/include-fixed"
ignoring nonexistent directory "/rwthfs/rz/SW/gcc/CENTOS-7.3/11.2.0/bin/../lib/gcc/../../lib/gcc/x86_64-pc-linux-gnu/11.2.0/../../../../x86_64-pc-linux-gnu/include"
ignoring duplicate directory "/usr/local_rwth/sw/gcc/11.2.0/include"
  as it is a non-system directory that duplicates a system directory
#include "..." search starts here:
#include <...> search starts here:
 /cvmfs/sft.cern.ch/lcg/releases/gcc/11.1.0-e80bf/x86_64-centos7/include
 /cvmfs/sft.cern.ch/lcg/views/LCG_101/x86_64-centos7-gcc11-opt/include
 /rwthfs/rz/SW/gcc/CENTOS-7.3/11.2.0/bin/../lib/gcc/x86_64-pc-linux-gnu/11.2.0/include
 /rwthfs/rz/SW/gcc/CENTOS-7.3/11.2.0/bin/../lib/gcc/x86_64-pc-linux-gnu/11.2.0/include-fixed
 /usr/local/include
 /rwthfs/rz/SW/gcc/CENTOS-7.3/11.2.0/bin/../lib/gcc/../../include
 /usr/include
End of search list.
GNU C17 (GCC) version 11.2.0 (x86_64-pc-linux-gnu)
	compiled by GNU C version 11.2.0, GMP version 6.2.1, MPFR version 4.1.0, MPC version 1.2.1, isl version isl-0.24-GMP

GGC heuristics: --param ggc-min-expand=100 --param ggc-min-heapsize=131072
Compiler executable checksum: a11deed45121a3337f6cd7ecdf1b8e00
COLLECT_GCC_OPTIONS='-v' '-o' 'CMakeFiles/cmTC_b0953.dir/CMakeCCompilerABI.c.o' '-c' '-mtune=generic' '-march=x86-64' '-dumpdir' 'CMakeFiles/cmTC_b0953.dir/'
 as -v --64 -o CMakeFiles/cmTC_b0953.dir/CMakeCCompilerABI.c.o /tmp/op115134/login18-4_72757/ccgyjnZo.s
GNU assembler version 2.36.1 (x86_64-pc-linux-gnu) using BFD version (GNU Binutils) 2.36.1
COMPILER_PATH=/usr/local_rwth/sw/gcc/11.2.0/libexec/gcc/x86_64-pc-linux-gnu/11.2.0/:/usr/local_rwth/sw/gcc/11.2.0/libexec/gcc/:/cvmfs/sft.cern.ch/lcg/releases/gcc/11.1.0-e80bf/x86_64-centos7/
LIBRARY_PATH=/usr/local_rwth/sw/gcc/11.2.0/lib/gcc/x86_64-pc-linux-gnu/11.2.0/:/usr/local_rwth/sw/gcc/11.2.0/lib/gcc/:/usr/local_rwth/sw/gcc/11.2.0/lib64/../lib64/:/usr/local_rwth/sw/gcc/11.2.0/lib/../lib64/:/cvmfs/sft.cern.ch/lcg/views/LCG_101/x86_64-centos7-gcc11-opt/lib/../lib64/:/cvmfs/sft.cern.ch/lcg/views/LCG_101/x86_64-centos7-gcc11-opt/lib64/../lib64/:/rwthfs/rz/SW/gcc/CENTOS-7.3/11.2.0/bin/../lib/gcc/x86_64-pc-linux-gnu/11.2.0/../../../../lib64/:/lib/../lib64/:/usr/lib/../lib64/:/usr/local_rwth/sw/gcc/11.2.0/lib64/:/usr/local_rwth/sw/gcc/11.2.0/lib/:/opt/MPI/openmpi-4.1.1/linux/gcc_11.2.0/lib/:/cvmfs/sft.cern.ch/lcg/views/LCG_101/x86_64-centos7-gcc11-opt/lib/:/cvmfs/sft.cern.ch/lcg/views/LCG_101/x86_64-centos7-gcc11-opt/lib64/:/rwthfs/rz/SW/gcc/CENTOS-7.3/11.2.0/bin/../lib/gcc/x86_64-pc-linux-gnu/11.2.0/../../../:/lib/:/usr/lib/
COLLECT_GCC_OPTIONS='-v' '-o' 'CMakeFiles/cmTC_b0953.dir/CMakeCCompilerABI.c.o' '-c' '-mtune=generic' '-march=x86-64' '-dumpdir' 'CMakeFiles/cmTC_b0953.dir/CMakeCCompilerABI.c.'
Linking C executable cmTC_b0953
/cvmfs/sft.cern.ch/lcg/releases/CMake/3.20.0-790a8/x86_64-centos7-gcc11-opt/bin/cmake -E cmake_link_script CMakeFiles/cmTC_b0953.dir/link.txt --verbose=1
/usr/local_rwth/sw/gcc/11.2.0/bin/gcc  -v -rdynamic CMakeFiles/cmTC_b0953.dir/CMakeCCompilerABI.c.o -o cmTC_b0953 
Using built-in specs.
COLLECT_GCC=/usr/local_rwth/sw/gcc/11.2.0/bin/gcc
COLLECT_LTO_WRAPPER=/usr/local_rwth/sw/gcc/11.2.0/libexec/gcc/x86_64-pc-linux-gnu/11.2.0/lto-wrapper
OFFLOAD_TARGET_NAMES=nvptx-none
Target: x86_64-pc-linux-gnu
Configured with: ../../SOURCES/gcc-11.2.0/configure --prefix=/usr/local_rwth/sw/gcc/11.2.0 --enable-offload-targets=nvptx-none --enable-languages=c,c++,objc,obj-c++,fortran --enable-lto --enable-install-libiberty --with-gmp=/dev/shm/jprotze/gcc-build/build/destdir/usr/local_rwth/sw/gcc/11.2.0 --with-gmp-lib=/dev/shm/jprotze/gcc-build/build/destdir/usr/local_rwth/sw/gcc/11.2.0/lib64 --with-mpfr=/dev/shm/jprotze/gcc-build/build/destdir/usr/local_rwth/sw/gcc/11.2.0 --with-mpfr-lib=/dev/shm/jprotze/gcc-build/build/destdir/usr/local_rwth/sw/gcc/11.2.0/lib64 --with-mpc=/dev/shm/jprotze/gcc-build/build/destdir/usr/local_rwth/sw/gcc/11.2.0 --with-mpc-lib=/dev/shm/jprotze/gcc-build/build/destdir/usr/local_rwth/sw/gcc/11.2.0/lib64 --with-ppl=/dev/shm/jprotze/gcc-build/build/destdir/usr/local_rwth/sw/gcc/11.2.0 --with-isl --with-default-libstdcxx-abi=gcc4-compatible LDFLAGS='-Wl,-rpath,/usr/local_rwth/sw/gcc/11.2.0/lib64 -Wl,-rpath,/usr/local_rwth/sw/gcc/11.2.0/lib'
Thread model: posix
Supported LTO compression algorithms: zlib
gcc version 11.2.0 (GCC) 
COMPILER_PATH=/usr/local_rwth/sw/gcc/11.2.0/libexec/gcc/x86_64-pc-linux-gnu/11.2.0/:/usr/local_rwth/sw/gcc/11.2.0/libexec/gcc/:/cvmfs/sft.cern.ch/lcg/releases/gcc/11.1.0-e80bf/x86_64-centos7/
LIBRARY_PATH=/usr/local_rwth/sw/gcc/11.2.0/lib/gcc/x86_64-pc-linux-gnu/11.2.0/:/usr/local_rwth/sw/gcc/11.2.0/lib/gcc/:/usr/local_rwth/sw/gcc/11.2.0/lib64/../lib64/:/usr/local_rwth/sw/gcc/11.2.0/lib/../lib64/:/cvmfs/sft.cern.ch/lcg/views/LCG_101/x86_64-centos7-gcc11-opt/lib/../lib64/:/cvmfs/sft.cern.ch/lcg/views/LCG_101/x86_64-centos7-gcc11-opt/lib64/../lib64/:/rwthfs/rz/SW/gcc/CENTOS-7.3/11.2.0/bin/../lib/gcc/x86_64-pc-linux-gnu/11.2.0/../../../../lib64/:/lib/../lib64/:/usr/lib/../lib64/:/usr/local_rwth/sw/gcc/11.2.0/lib64/:/usr/local_rwth/sw/gcc/11.2.0/lib/:/opt/MPI/openmpi-4.1.1/linux/gcc_11.2.0/lib/:/cvmfs/sft.cern.ch/lcg/views/LCG_101/x86_64-centos7-gcc11-opt/lib/:/cvmfs/sft.cern.ch/lcg/views/LCG_101/x86_64-centos7-gcc11-opt/lib64/:/rwthfs/rz/SW/gcc/CENTOS-7.3/11.2.0/bin/../lib/gcc/x86_64-pc-linux-gnu/11.2.0/../../../:/lib/:/usr/lib/
COLLECT_GCC_OPTIONS='-v' '-rdynamic' '-o' 'cmTC_b0953' '-mtune=generic' '-march=x86-64' '-dumpdir' 'cmTC_b0953.'
 /usr/local_rwth/sw/gcc/11.2.0/libexec/gcc/x86_64-pc-linux-gnu/11.2.0/collect2 -plugin /usr/local_rwth/sw/gcc/11.2.0/libexec/gcc/x86_64-pc-linux-gnu/11.2.0/liblto_plugin.so -plugin-opt=/usr/local_rwth/sw/gcc/11.2.0/libexec/gcc/x86_64-pc-linux-gnu/11.2.0/lto-wrapper -plugin-opt=-fresolution=/tmp/op115134/login18-4_72757/ccKtYfAy.res -plugin-opt=-pass-through=-lgcc -plugin-opt=-pass-through=-lgcc_s -plugin-opt=-pass-through=-lc -plugin-opt=-pass-through=-lgcc -plugin-opt=-pass-through=-lgcc_s --eh-frame-hdr -m elf_x86_64 -export-dynamic -dynamic-linker /lib64/ld-linux-x86-64.so.2 -o cmTC_b0953 /lib/../lib64/crt1.o /lib/../lib64/crti.o /usr/local_rwth/sw/gcc/11.2.0/lib/gcc/x86_64-pc-linux-gnu/11.2.0/crtbegin.o -L/usr/local_rwth/sw/gcc/11.2.0/lib/gcc/x86_64-pc-linux-gnu/11.2.0 -L/usr/local_rwth/sw/gcc/11.2.0/lib/gcc -L/usr/local_rwth/sw/gcc/11.2.0/lib64/../lib64 -L/usr/local_rwth/sw/gcc/11.2.0/lib/../lib64 -L/cvmfs/sft.cern.ch/lcg/views/LCG_101/x86_64-centos7-gcc11-opt/lib/../lib64 -L/cvmfs/sft.cern.ch/lcg/views/LCG_101/x86_64-centos7-gcc11-opt/lib64/../lib64 -L/rwthfs/rz/SW/gcc/CENTOS-7.3/11.2.0/bin/../lib/gcc/x86_64-pc-linux-gnu/11.2.0/../../../../lib64 -L/lib/../lib64 -L/usr/lib/../lib64 -L/usr/local_rwth/sw/gcc/11.2.0/lib64 -L/usr/local_rwth/sw/gcc/11.2.0/lib -L/opt/MPI/openmpi-4.1.1/linux/gcc_11.2.0/lib -L/cvmfs/sft.cern.ch/lcg/views/LCG_101/x86_64-centos7-gcc11-opt/lib -L/cvmfs/sft.cern.ch/lcg/views/LCG_101/x86_64-centos7-gcc11-opt/lib64 -L/rwthfs/rz/SW/gcc/CENTOS-7.3/11.2.0/bin/../lib/gcc/x86_64-pc-linux-gnu/11.2.0/../../.. CMakeFiles/cmTC_b0953.dir/CMakeCCompilerABI.c.o -lgcc --as-needed -lgcc_s --no-as-needed -lc -lgcc --as-needed -lgcc_s --no-as-needed /usr/local_rwth/sw/gcc/11.2.0/lib/gcc/x86_64-pc-linux-gnu/11.2.0/crtend.o /lib/../lib64/crtn.o
COLLECT_GCC_OPTIONS='-v' '-rdynamic' '-o' 'cmTC_b0953' '-mtune=generic' '-march=x86-64' '-dumpdir' 'cmTC_b0953.'
gmake[1]: Leaving directory `/rwthfs/rz/cluster/home/op115134/Software/YasamanAnalysis/Programs/MeasuringTime/CMakeFiles/CMakeTmp'



Parsed C implicit include dir info from above output: rv=done
  found start of include info
  found start of implicit include info
    add: [/cvmfs/sft.cern.ch/lcg/releases/gcc/11.1.0-e80bf/x86_64-centos7/include]
    add: [/cvmfs/sft.cern.ch/lcg/views/LCG_101/x86_64-centos7-gcc11-opt/include]
    add: [/rwthfs/rz/SW/gcc/CENTOS-7.3/11.2.0/bin/../lib/gcc/x86_64-pc-linux-gnu/11.2.0/include]
    add: [/rwthfs/rz/SW/gcc/CENTOS-7.3/11.2.0/bin/../lib/gcc/x86_64-pc-linux-gnu/11.2.0/include-fixed]
    add: [/usr/local/include]
    add: [/rwthfs/rz/SW/gcc/CENTOS-7.3/11.2.0/bin/../lib/gcc/../../include]
    add: [/usr/include]
  end of search list found
  collapse include dir [/cvmfs/sft.cern.ch/lcg/releases/gcc/11.1.0-e80bf/x86_64-centos7/include] ==> [/cvmfs/sft.cern.ch/lcg/releases/gcc/11.1.0-e80bf/x86_64-centos7/include]
  collapse include dir [/cvmfs/sft.cern.ch/lcg/views/LCG_101/x86_64-centos7-gcc11-opt/include] ==> [/cvmfs/sft.cern.ch/lcg/views/LCG_101/x86_64-centos7-gcc11-opt/include]
  collapse include dir [/rwthfs/rz/SW/gcc/CENTOS-7.3/11.2.0/bin/../lib/gcc/x86_64-pc-linux-gnu/11.2.0/include] ==> [/rwthfs/rz/SW/gcc/CENTOS-7.3/11.2.0/lib/gcc/x86_64-pc-linux-gnu/11.2.0/include]
  collapse include dir [/rwthfs/rz/SW/gcc/CENTOS-7.3/11.2.0/bin/../lib/gcc/x86_64-pc-linux-gnu/11.2.0/include-fixed] ==> [/rwthfs/rz/SW/gcc/CENTOS-7.3/11.2.0/lib/gcc/x86_64-pc-linux-gnu/11.2.0/include-fixed]
  collapse include dir [/usr/local/include] ==> [/usr/local/include]
  collapse include dir [/rwthfs/rz/SW/gcc/CENTOS-7.3/11.2.0/bin/../lib/gcc/../../include] ==> [/rwthfs/rz/SW/gcc/CENTOS-7.3/11.2.0/include]
  collapse include dir [/usr/include] ==> [/usr/include]
  implicit include dirs: [/cvmfs/sft.cern.ch/lcg/releases/gcc/11.1.0-e80bf/x86_64-centos7/include;/cvmfs/sft.cern.ch/lcg/views/LCG_101/x86_64-centos7-gcc11-opt/include;/rwthfs/rz/SW/gcc/CENTOS-7.3/11.2.0/lib/gcc/x86_64-pc-linux-gnu/11.2.0/include;/rwthfs/rz/SW/gcc/CENTOS-7.3/11.2.0/lib/gcc/x86_64-pc-linux-gnu/11.2.0/include-fixed;/usr/local/include;/rwthfs/rz/SW/gcc/CENTOS-7.3/11.2.0/include;/usr/include]


Parsed C implicit link information from above output:
  link line regex: [^( *|.*[/\])(ld|CMAKE_LINK_STARTFILE-NOTFOUND|([^/\]+-)?ld|collect2)[^/\]*( |$)]
  ignore line: [Change Dir: /home/op115134/Software/YasamanAnalysis/Programs/MeasuringTime/CMakeFiles/CMakeTmp]
  ignore line: []
  ignore line: [Run Build Command(s):/usr/local_rwth/bin/gmake -f Makefile cmTC_b0953/fast && /usr/local_rwth/bin/gmake  -f CMakeFiles/cmTC_b0953.dir/build.make CMakeFiles/cmTC_b0953.dir/build]
  ignore line: [gmake[1]: Entering directory `/rwthfs/rz/cluster/home/op115134/Software/YasamanAnalysis/Programs/MeasuringTime/CMakeFiles/CMakeTmp']
  ignore line: [Building C object CMakeFiles/cmTC_b0953.dir/CMakeCCompilerABI.c.o]
  ignore line: [/usr/local_rwth/sw/gcc/11.2.0/bin/gcc   -v -o CMakeFiles/cmTC_b0953.dir/CMakeCCompilerABI.c.o -c /cvmfs/sft.cern.ch/lcg/releases/CMake/3.20.0-790a8/x86_64-centos7-gcc11-opt/share/cmake-3.20/Modules/CMakeCCompilerABI.c]
  ignore line: [Using built-in specs.]
  ignore line: [COLLECT_GCC=/usr/local_rwth/sw/gcc/11.2.0/bin/gcc]
  ignore line: [OFFLOAD_TARGET_NAMES=nvptx-none]
  ignore line: [Target: x86_64-pc-linux-gnu]
  ignore line: [Configured with: ../../SOURCES/gcc-11.2.0/configure --prefix=/usr/local_rwth/sw/gcc/11.2.0 --enable-offload-targets=nvptx-none --enable-languages=c c++ objc obj-c++ fortran --enable-lto --enable-install-libiberty --with-gmp=/dev/shm/jprotze/gcc-build/build/destdir/usr/local_rwth/sw/gcc/11.2.0 --with-gmp-lib=/dev/shm/jprotze/gcc-build/build/destdir/usr/local_rwth/sw/gcc/11.2.0/lib64 --with-mpfr=/dev/shm/jprotze/gcc-build/build/destdir/usr/local_rwth/sw/gcc/11.2.0 --with-mpfr-lib=/dev/shm/jprotze/gcc-build/build/destdir/usr/local_rwth/sw/gcc/11.2.0/lib64 --with-mpc=/dev/shm/jprotze/gcc-build/build/destdir/usr/local_rwth/sw/gcc/11.2.0 --with-mpc-lib=/dev/shm/jprotze/gcc-build/build/destdir/usr/local_rwth/sw/gcc/11.2.0/lib64 --with-ppl=/dev/shm/jprotze/gcc-build/build/destdir/usr/local_rwth/sw/gcc/11.2.0 --with-isl --with-default-libstdcxx-abi=gcc4-compatible LDFLAGS='-Wl -rpath /usr/local_rwth/sw/gcc/11.2.0/lib64 -Wl -rpath /usr/local_rwth/sw/gcc/11.2.0/lib']
  ignore line: [Thread model: posix]
  ignore line: [Supported LTO compression algorithms: zlib]
  ignore line: [gcc version 11.2.0 (GCC) ]
  ignore line: [COLLECT_GCC_OPTIONS='-v' '-o' 'CMakeFiles/cmTC_b0953.dir/CMakeCCompilerABI.c.o' '-c' '-mtune=generic' '-march=x86-64' '-dumpdir' 'CMakeFiles/cmTC_b0953.dir/']
  ignore line: [ /usr/local_rwth/sw/gcc/11.2.0/libexec/gcc/x86_64-pc-linux-gnu/11.2.0/cc1 -quiet -v -iprefix /rwthfs/rz/SW/gcc/CENTOS-7.3/11.2.0/bin/../lib/gcc/x86_64-pc-linux-gnu/11.2.0/ -isystem /cvmfs/sft.cern.ch/lcg/releases/gcc/11.1.0-e80bf/x86_64-centos7/include /cvmfs/sft.cern.ch/lcg/releases/CMake/3.20.0-790a8/x86_64-centos7-gcc11-opt/share/cmake-3.20/Modules/CMakeCCompilerABI.c -quiet -dumpdir CMakeFiles/cmTC_b0953.dir/ -dumpbase CMakeCCompilerABI.c.c -dumpbase-ext .c -mtune=generic -march=x86-64 -version -o /tmp/op115134/login18-4_72757/ccgyjnZo.s]
  ignore line: [GNU C17 (GCC) version 11.2.0 (x86_64-pc-linux-gnu)]
  ignore line: [	compiled by GNU C version 11.2.0  GMP version 6.2.1  MPFR version 4.1.0  MPC version 1.2.1  isl version isl-0.24-GMP]
  ignore line: []
  ignore line: [GGC heuristics: --param ggc-min-expand=100 --param ggc-min-heapsize=131072]
  ignore line: [ignoring nonexistent directory "/rwthfs/rz/SW/gcc/CENTOS-7.3/11.2.0/bin/../lib/gcc/x86_64-pc-linux-gnu/11.2.0/../../../../x86_64-pc-linux-gnu/include"]
  ignore line: [ignoring duplicate directory "/rwthfs/rz/SW/gcc/CENTOS-7.3/11.2.0/bin/../lib/gcc/../../lib/gcc/x86_64-pc-linux-gnu/11.2.0/include"]
  ignore line: [ignoring duplicate directory "/rwthfs/rz/SW/gcc/CENTOS-7.3/11.2.0/bin/../lib/gcc/../../lib/gcc/x86_64-pc-linux-gnu/11.2.0/include-fixed"]
  ignore line: [ignoring nonexistent directory "/rwthfs/rz/SW/gcc/CENTOS-7.3/11.2.0/bin/../lib/gcc/../../lib/gcc/x86_64-pc-linux-gnu/11.2.0/../../../../x86_64-pc-linux-gnu/include"]
  ignore line: [ignoring duplicate directory "/usr/local_rwth/sw/gcc/11.2.0/include"]
  ignore line: [  as it is a non-system directory that duplicates a system directory]
  ignore line: [#include "..." search starts here:]
  ignore line: [#include <...> search starts here:]
  ignore line: [ /cvmfs/sft.cern.ch/lcg/releases/gcc/11.1.0-e80bf/x86_64-centos7/include]
  ignore line: [ /cvmfs/sft.cern.ch/lcg/views/LCG_101/x86_64-centos7-gcc11-opt/include]
  ignore line: [ /rwthfs/rz/SW/gcc/CENTOS-7.3/11.2.0/bin/../lib/gcc/x86_64-pc-linux-gnu/11.2.0/include]
  ignore line: [ /rwthfs/rz/SW/gcc/CENTOS-7.3/11.2.0/bin/../lib/gcc/x86_64-pc-linux-gnu/11.2.0/include-fixed]
  ignore line: [ /usr/local/include]
  ignore line: [ /rwthfs/rz/SW/gcc/CENTOS-7.3/11.2.0/bin/../lib/gcc/../../include]
  ignore line: [ /usr/include]
  ignore line: [End of search list.]
  ignore line: [GNU C17 (GCC) version 11.2.0 (x86_64-pc-linux-gnu)]
  ignore line: [	compiled by GNU C version 11.2.0  GMP version 6.2.1  MPFR version 4.1.0  MPC version 1.2.1  isl version isl-0.24-GMP]
  ignore line: []
  ignore line: [GGC heuristics: --param ggc-min-expand=100 --param ggc-min-heapsize=131072]
  ignore line: [Compiler executable checksum: a11deed45121a3337f6cd7ecdf1b8e00]
  ignore line: [COLLECT_GCC_OPTIONS='-v' '-o' 'CMakeFiles/cmTC_b0953.dir/CMakeCCompilerABI.c.o' '-c' '-mtune=generic' '-march=x86-64' '-dumpdir' 'CMakeFiles/cmTC_b0953.dir/']
  ignore line: [ as -v --64 -o CMakeFiles/cmTC_b0953.dir/CMakeCCompilerABI.c.o /tmp/op115134/login18-4_72757/ccgyjnZo.s]
  ignore line: [GNU assembler version 2.36.1 (x86_64-pc-linux-gnu) using BFD version (GNU Binutils) 2.36.1]
  ignore line: [COMPILER_PATH=/usr/local_rwth/sw/gcc/11.2.0/libexec/gcc/x86_64-pc-linux-gnu/11.2.0/:/usr/local_rwth/sw/gcc/11.2.0/libexec/gcc/:/cvmfs/sft.cern.ch/lcg/releases/gcc/11.1.0-e80bf/x86_64-centos7/]
  ignore line: [LIBRARY_PATH=/usr/local_rwth/sw/gcc/11.2.0/lib/gcc/x86_64-pc-linux-gnu/11.2.0/:/usr/local_rwth/sw/gcc/11.2.0/lib/gcc/:/usr/local_rwth/sw/gcc/11.2.0/lib64/../lib64/:/usr/local_rwth/sw/gcc/11.2.0/lib/../lib64/:/cvmfs/sft.cern.ch/lcg/views/LCG_101/x86_64-centos7-gcc11-opt/lib/../lib64/:/cvmfs/sft.cern.ch/lcg/views/LCG_101/x86_64-centos7-gcc11-opt/lib64/../lib64/:/rwthfs/rz/SW/gcc/CENTOS-7.3/11.2.0/bin/../lib/gcc/x86_64-pc-linux-gnu/11.2.0/../../../../lib64/:/lib/../lib64/:/usr/lib/../lib64/:/usr/local_rwth/sw/gcc/11.2.0/lib64/:/usr/local_rwth/sw/gcc/11.2.0/lib/:/opt/MPI/openmpi-4.1.1/linux/gcc_11.2.0/lib/:/cvmfs/sft.cern.ch/lcg/views/LCG_101/x86_64-centos7-gcc11-opt/lib/:/cvmfs/sft.cern.ch/lcg/views/LCG_101/x86_64-centos7-gcc11-opt/lib64/:/rwthfs/rz/SW/gcc/CENTOS-7.3/11.2.0/bin/../lib/gcc/x86_64-pc-linux-gnu/11.2.0/../../../:/lib/:/usr/lib/]
  ignore line: [COLLECT_GCC_OPTIONS='-v' '-o' 'CMakeFiles/cmTC_b0953.dir/CMakeCCompilerABI.c.o' '-c' '-mtune=generic' '-march=x86-64' '-dumpdir' 'CMakeFiles/cmTC_b0953.dir/CMakeCCompilerABI.c.']
  ignore line: [Linking C executable cmTC_b0953]
  ignore line: [/cvmfs/sft.cern.ch/lcg/releases/CMake/3.20.0-790a8/x86_64-centos7-gcc11-opt/bin/cmake -E cmake_link_script CMakeFiles/cmTC_b0953.dir/link.txt --verbose=1]
  ignore line: [/usr/local_rwth/sw/gcc/11.2.0/bin/gcc  -v -rdynamic CMakeFiles/cmTC_b0953.dir/CMakeCCompilerABI.c.o -o cmTC_b0953 ]
  ignore line: [Using built-in specs.]
  ignore line: [COLLECT_GCC=/usr/local_rwth/sw/gcc/11.2.0/bin/gcc]
  ignore line: [COLLECT_LTO_WRAPPER=/usr/local_rwth/sw/gcc/11.2.0/libexec/gcc/x86_64-pc-linux-gnu/11.2.0/lto-wrapper]
  ignore line: [OFFLOAD_TARGET_NAMES=nvptx-none]
  ignore line: [Target: x86_64-pc-linux-gnu]
  ignore line: [Configured with: ../../SOURCES/gcc-11.2.0/configure --prefix=/usr/local_rwth/sw/gcc/11.2.0 --enable-offload-targets=nvptx-none --enable-languages=c c++ objc obj-c++ fortran --enable-lto --enable-install-libiberty --with-gmp=/dev/shm/jprotze/gcc-build/build/destdir/usr/local_rwth/sw/gcc/11.2.0 --with-gmp-lib=/dev/shm/jprotze/gcc-build/build/destdir/usr/local_rwth/sw/gcc/11.2.0/lib64 --with-mpfr=/dev/shm/jprotze/gcc-build/build/destdir/usr/local_rwth/sw/gcc/11.2.0 --with-mpfr-lib=/dev/shm/jprotze/gcc-build/build/destdir/usr/local_rwth/sw/gcc/11.2.0/lib64 --with-mpc=/dev/shm/jprotze/gcc-build/build/destdir/usr/local_rwth/sw/gcc/11.2.0 --with-mpc-lib=/dev/shm/jprotze/gcc-build/build/destdir/usr/local_rwth/sw/gcc/11.2.0/lib64 --with-ppl=/dev/shm/jprotze/gcc-build/build/destdir/usr/local_rwth/sw/gcc/11.2.0 --with-isl --with-default-libstdcxx-abi=gcc4-compatible LDFLAGS='-Wl -rpath /usr/local_rwth/sw/gcc/11.2.0/lib64 -Wl -rpath /usr/local_rwth/sw/gcc/11.2.0/lib']
  ignore line: [Thread model: posix]
  ignore line: [Supported LTO compression algorithms: zlib]
  ignore line: [gcc version 11.2.0 (GCC) ]
  ignore line: [COMPILER_PATH=/usr/local_rwth/sw/gcc/11.2.0/libexec/gcc/x86_64-pc-linux-gnu/11.2.0/:/usr/local_rwth/sw/gcc/11.2.0/libexec/gcc/:/cvmfs/sft.cern.ch/lcg/releases/gcc/11.1.0-e80bf/x86_64-centos7/]
  ignore line: [LIBRARY_PATH=/usr/local_rwth/sw/gcc/11.2.0/lib/gcc/x86_64-pc-linux-gnu/11.2.0/:/usr/local_rwth/sw/gcc/11.2.0/lib/gcc/:/usr/local_rwth/sw/gcc/11.2.0/lib64/../lib64/:/usr/local_rwth/sw/gcc/11.2.0/lib/../lib64/:/cvmfs/sft.cern.ch/lcg/views/LCG_101/x86_64-centos7-gcc11-opt/lib/../lib64/:/cvmfs/sft.cern.ch/lcg/views/LCG_101/x86_64-centos7-gcc11-opt/lib64/../lib64/:/rwthfs/rz/SW/gcc/CENTOS-7.3/11.2.0/bin/../lib/gcc/x86_64-pc-linux-gnu/11.2.0/../../../../lib64/:/lib/../lib64/:/usr/lib/../lib64/:/usr/local_rwth/sw/gcc/11.2.0/lib64/:/usr/local_rwth/sw/gcc/11.2.0/lib/:/opt/MPI/openmpi-4.1.1/linux/gcc_11.2.0/lib/:/cvmfs/sft.cern.ch/lcg/views/LCG_101/x86_64-centos7-gcc11-opt/lib/:/cvmfs/sft.cern.ch/lcg/views/LCG_101/x86_64-centos7-gcc11-opt/lib64/:/rwthfs/rz/SW/gcc/CENTOS-7.3/11.2.0/bin/../lib/gcc/x86_64-pc-linux-gnu/11.2.0/../../../:/lib/:/usr/lib/]
  ignore line: [COLLECT_GCC_OPTIONS='-v' '-rdynamic' '-o' 'cmTC_b0953' '-mtune=generic' '-march=x86-64' '-dumpdir' 'cmTC_b0953.']
  link line: [ /usr/local_rwth/sw/gcc/11.2.0/libexec/gcc/x86_64-pc-linux-gnu/11.2.0/collect2 -plugin /usr/local_rwth/sw/gcc/11.2.0/libexec/gcc/x86_64-pc-linux-gnu/11.2.0/liblto_plugin.so -plugin-opt=/usr/local_rwth/sw/gcc/11.2.0/libexec/gcc/x86_64-pc-linux-gnu/11.2.0/lto-wrapper -plugin-opt=-fresolution=/tmp/op115134/login18-4_72757/ccKtYfAy.res -plugin-opt=-pass-through=-lgcc -plugin-opt=-pass-through=-lgcc_s -plugin-opt=-pass-through=-lc -plugin-opt=-pass-through=-lgcc -plugin-opt=-pass-through=-lgcc_s --eh-frame-hdr -m elf_x86_64 -export-dynamic -dynamic-linker /lib64/ld-linux-x86-64.so.2 -o cmTC_b0953 /lib/../lib64/crt1.o /lib/../lib64/crti.o /usr/local_rwth/sw/gcc/11.2.0/lib/gcc/x86_64-pc-linux-gnu/11.2.0/crtbegin.o -L/usr/local_rwth/sw/gcc/11.2.0/lib/gcc/x86_64-pc-linux-gnu/11.2.0 -L/usr/local_rwth/sw/gcc/11.2.0/lib/gcc -L/usr/local_rwth/sw/gcc/11.2.0/lib64/../lib64 -L/usr/local_rwth/sw/gcc/11.2.0/lib/../lib64 -L/cvmfs/sft.cern.ch/lcg/views/LCG_101/x86_64-centos7-gcc11-opt/lib/../lib64 -L/cvmfs/sft.cern.ch/lcg/views/LCG_101/x86_64-centos7-gcc11-opt/lib64/../lib64 -L/rwthfs/rz/SW/gcc/CENTOS-7.3/11.2.0/bin/../lib/gcc/x86_64-pc-linux-gnu/11.2.0/../../../../lib64 -L/lib/../lib64 -L/usr/lib/../lib64 -L/usr/local_rwth/sw/gcc/11.2.0/lib64 -L/usr/local_rwth/sw/gcc/11.2.0/lib -L/opt/MPI/openmpi-4.1.1/linux/gcc_11.2.0/lib -L/cvmfs/sft.cern.ch/lcg/views/LCG_101/x86_64-centos7-gcc11-opt/lib -L/cvmfs/sft.cern.ch/lcg/views/LCG_101/x86_64-centos7-gcc11-opt/lib64 -L/rwthfs/rz/SW/gcc/CENTOS-7.3/11.2.0/bin/../lib/gcc/x86_64-pc-linux-gnu/11.2.0/../../.. CMakeFiles/cmTC_b0953.dir/CMakeCCompilerABI.c.o -lgcc --as-needed -lgcc_s --no-as-needed -lc -lgcc --as-needed -lgcc_s --no-as-needed /usr/local_rwth/sw/gcc/11.2.0/lib/gcc/x86_64-pc-linux-gnu/11.2.0/crtend.o /lib/../lib64/crtn.o]
    arg [/usr/local_rwth/sw/gcc/11.2.0/libexec/gcc/x86_64-pc-linux-gnu/11.2.0/collect2] ==> ignore
    arg [-plugin] ==> ignore
    arg [/usr/local_rwth/sw/gcc/11.2.0/libexec/gcc/x86_64-pc-linux-gnu/11.2.0/liblto_plugin.so] ==> ignore
    arg [-plugin-opt=/usr/local_rwth/sw/gcc/11.2.0/libexec/gcc/x86_64-pc-linux-gnu/11.2.0/lto-wrapper] ==> ignore
    arg [-plugin-opt=-fresolution=/tmp/op115134/login18-4_72757/ccKtYfAy.res] ==> ignore
    arg [-plugin-opt=-pass-through=-lgcc] ==> ignore
    arg [-plugin-opt=-pass-through=-lgcc_s] ==> ignore
    arg [-plugin-opt=-pass-through=-lc] ==> ignore
    arg [-plugin-opt=-pass-through=-lgcc] ==> ignore
    arg [-plugin-opt=-pass-through=-lgcc_s] ==> ignore
    arg [--eh-frame-hdr] ==> ignore
    arg [-m] ==> ignore
    arg [elf_x86_64] ==> ignore
    arg [-export-dynamic] ==> ignore
    arg [-dynamic-linker] ==> ignore
    arg [/lib64/ld-linux-x86-64.so.2] ==> ignore
    arg [-o] ==> ignore
    arg [cmTC_b0953] ==> ignore
    arg [/lib/../lib64/crt1.o] ==> ignore
    arg [/lib/../lib64/crti.o] ==> ignore
    arg [/usr/local_rwth/sw/gcc/11.2.0/lib/gcc/x86_64-pc-linux-gnu/11.2.0/crtbegin.o] ==> ignore
    arg [-L/usr/local_rwth/sw/gcc/11.2.0/lib/gcc/x86_64-pc-linux-gnu/11.2.0] ==> dir [/usr/local_rwth/sw/gcc/11.2.0/lib/gcc/x86_64-pc-linux-gnu/11.2.0]
    arg [-L/usr/local_rwth/sw/gcc/11.2.0/lib/gcc] ==> dir [/usr/local_rwth/sw/gcc/11.2.0/lib/gcc]
    arg [-L/usr/local_rwth/sw/gcc/11.2.0/lib64/../lib64] ==> dir [/usr/local_rwth/sw/gcc/11.2.0/lib64/../lib64]
    arg [-L/usr/local_rwth/sw/gcc/11.2.0/lib/../lib64] ==> dir [/usr/local_rwth/sw/gcc/11.2.0/lib/../lib64]
    arg [-L/cvmfs/sft.cern.ch/lcg/views/LCG_101/x86_64-centos7-gcc11-opt/lib/../lib64] ==> dir [/cvmfs/sft.cern.ch/lcg/views/LCG_101/x86_64-centos7-gcc11-opt/lib/../lib64]
    arg [-L/cvmfs/sft.cern.ch/lcg/views/LCG_101/x86_64-centos7-gcc11-opt/lib64/../lib64] ==> dir [/cvmfs/sft.cern.ch/lcg/views/LCG_101/x86_64-centos7-gcc11-opt/lib64/../lib64]
    arg [-L/rwthfs/rz/SW/gcc/CENTOS-7.3/11.2.0/bin/../lib/gcc/x86_64-pc-linux-gnu/11.2.0/../../../../lib64] ==> dir [/rwthfs/rz/SW/gcc/CENTOS-7.3/11.2.0/bin/../lib/gcc/x86_64-pc-linux-gnu/11.2.0/../../../../lib64]
    arg [-L/lib/../lib64] ==> dir [/lib/../lib64]
    arg [-L/usr/lib/../lib64] ==> dir [/usr/lib/../lib64]
    arg [-L/usr/local_rwth/sw/gcc/11.2.0/lib64] ==> dir [/usr/local_rwth/sw/gcc/11.2.0/lib64]
    arg [-L/usr/local_rwth/sw/gcc/11.2.0/lib] ==> dir [/usr/local_rwth/sw/gcc/11.2.0/lib]
    arg [-L/opt/MPI/openmpi-4.1.1/linux/gcc_11.2.0/lib] ==> dir [/opt/MPI/openmpi-4.1.1/linux/gcc_11.2.0/lib]
    arg [-L/cvmfs/sft.cern.ch/lcg/views/LCG_101/x86_64-centos7-gcc11-opt/lib] ==> dir [/cvmfs/sft.cern.ch/lcg/views/LCG_101/x86_64-centos7-gcc11-opt/lib]
    arg [-L/cvmfs/sft.cern.ch/lcg/views/LCG_101/x86_64-centos7-gcc11-opt/lib64] ==> dir [/cvmfs/sft.cern.ch/lcg/views/LCG_101/x86_64-centos7-gcc11-opt/lib64]
    arg [-L/rwthfs/rz/SW/gcc/CENTOS-7.3/11.2.0/bin/../lib/gcc/x86_64-pc-linux-gnu/11.2.0/../../..] ==> dir [/rwthfs/rz/SW/gcc/CENTOS-7.3/11.2.0/bin/../lib/gcc/x86_64-pc-linux-gnu/11.2.0/../../..]
    arg [CMakeFiles/cmTC_b0953.dir/CMakeCCompilerABI.c.o] ==> ignore
    arg [-lgcc] ==> lib [gcc]
    arg [--as-needed] ==> ignore
    arg [-lgcc_s] ==> lib [gcc_s]
    arg [--no-as-needed] ==> ignore
    arg [-lc] ==> lib [c]
    arg [-lgcc] ==> lib [gcc]
    arg [--as-needed] ==> ignore
    arg [-lgcc_s] ==> lib [gcc_s]
    arg [--no-as-needed] ==> ignore
    arg [/usr/local_rwth/sw/gcc/11.2.0/lib/gcc/x86_64-pc-linux-gnu/11.2.0/crtend.o] ==> ignore
    arg [/lib/../lib64/crtn.o] ==> ignore
  collapse library dir [/usr/local_rwth/sw/gcc/11.2.0/lib/gcc/x86_64-pc-linux-gnu/11.2.0] ==> [/usr/local_rwth/sw/gcc/11.2.0/lib/gcc/x86_64-pc-linux-gnu/11.2.0]
  collapse library dir [/usr/local_rwth/sw/gcc/11.2.0/lib/gcc] ==> [/usr/local_rwth/sw/gcc/11.2.0/lib/gcc]
  collapse library dir [/usr/local_rwth/sw/gcc/11.2.0/lib64/../lib64] ==> [/usr/local_rwth/sw/gcc/11.2.0/lib64]
  collapse library dir [/usr/local_rwth/sw/gcc/11.2.0/lib/../lib64] ==> [/usr/local_rwth/sw/gcc/11.2.0/lib64]
  collapse library dir [/cvmfs/sft.cern.ch/lcg/views/LCG_101/x86_64-centos7-gcc11-opt/lib/../lib64] ==> [/cvmfs/sft.cern.ch/lcg/views/LCG_101/x86_64-centos7-gcc11-opt/lib64]
  collapse library dir [/cvmfs/sft.cern.ch/lcg/views/LCG_101/x86_64-centos7-gcc11-opt/lib64/../lib64] ==> [/cvmfs/sft.cern.ch/lcg/views/LCG_101/x86_64-centos7-gcc11-opt/lib64]
  collapse library dir [/rwthfs/rz/SW/gcc/CENTOS-7.3/11.2.0/bin/../lib/gcc/x86_64-pc-linux-gnu/11.2.0/../../../../lib64] ==> [/rwthfs/rz/SW/gcc/CENTOS-7.3/11.2.0/lib64]
  collapse library dir [/lib/../lib64] ==> [/lib64]
  collapse library dir [/usr/lib/../lib64] ==> [/usr/lib64]
  collapse library dir [/usr/local_rwth/sw/gcc/11.2.0/lib64] ==> [/usr/local_rwth/sw/gcc/11.2.0/lib64]
  collapse library dir [/usr/local_rwth/sw/gcc/11.2.0/lib] ==> [/usr/local_rwth/sw/gcc/11.2.0/lib]
  collapse library dir [/opt/MPI/openmpi-4.1.1/linux/gcc_11.2.0/lib] ==> [/opt/MPI/openmpi-4.1.1/linux/gcc_11.2.0/lib]
  collapse library dir [/cvmfs/sft.cern.ch/lcg/views/LCG_101/x86_64-centos7-gcc11-opt/lib] ==> [/cvmfs/sft.cern.ch/lcg/views/LCG_101/x86_64-centos7-gcc11-opt/lib]
  collapse library dir [/cvmfs/sft.cern.ch/lcg/views/LCG_101/x86_64-centos7-gcc11-opt/lib64] ==> [/cvmfs/sft.cern.ch/lcg/views/LCG_101/x86_64-centos7-gcc11-opt/lib64]
  collapse library dir [/rwthfs/rz/SW/gcc/CENTOS-7.3/11.2.0/bin/../lib/gcc/x86_64-pc-linux-gnu/11.2.0/../../..] ==> [/rwthfs/rz/SW/gcc/CENTOS-7.3/11.2.0/lib]
  implicit libs: [gcc;gcc_s;c;gcc;gcc_s]
  implicit dirs: [/usr/local_rwth/sw/gcc/11.2.0/lib/gcc/x86_64-pc-linux-gnu/11.2.0;/usr/local_rwth/sw/gcc/11.2.0/lib/gcc;/usr/local_rwth/sw/gcc/11.2.0/lib64;/cvmfs/sft.cern.ch/lcg/views/LCG_101/x86_64-centos7-gcc11-opt/lib64;/rwthfs/rz/SW/gcc/CENTOS-7.3/11.2.0/lib64;/lib64;/usr/lib64;/usr/local_rwth/sw/gcc/11.2.0/lib;/opt/MPI/openmpi-4.1.1/linux/gcc_11.2.0/lib;/cvmfs/sft.cern.ch/lcg/views/LCG_101/x86_64-centos7-gcc11-opt/lib;/rwthfs/rz/SW/gcc/CENTOS-7.3/11.2.0/lib]
  implicit fwks: []


Detecting CXX compiler ABI info compiled with the following output:
Change Dir: /home/op115134/Software/YasamanAnalysis/Programs/MeasuringTime/CMakeFiles/CMakeTmp

Run Build Command(s):/usr/local_rwth/bin/gmake -f Makefile cmTC_485b3/fast && /usr/local_rwth/bin/gmake  -f CMakeFiles/cmTC_485b3.dir/build.make CMakeFiles/cmTC_485b3.dir/build
gmake[1]: Entering directory `/rwthfs/rz/cluster/home/op115134/Software/YasamanAnalysis/Programs/MeasuringTime/CMakeFiles/CMakeTmp'
Building CXX object CMakeFiles/cmTC_485b3.dir/CMakeCXXCompilerABI.cpp.o
/usr/local_rwth/sw/gcc/11.2.0/bin/g++   -v -o CMakeFiles/cmTC_485b3.dir/CMakeCXXCompilerABI.cpp.o -c /cvmfs/sft.cern.ch/lcg/releases/CMake/3.20.0-790a8/x86_64-centos7-gcc11-opt/share/cmake-3.20/Modules/CMakeCXXCompilerABI.cpp
Using built-in specs.
COLLECT_GCC=/usr/local_rwth/sw/gcc/11.2.0/bin/g++
OFFLOAD_TARGET_NAMES=nvptx-none
Target: x86_64-pc-linux-gnu
Configured with: ../../SOURCES/gcc-11.2.0/configure --prefix=/usr/local_rwth/sw/gcc/11.2.0 --enable-offload-targets=nvptx-none --enable-languages=c,c++,objc,obj-c++,fortran --enable-lto --enable-install-libiberty --with-gmp=/dev/shm/jprotze/gcc-build/build/destdir/usr/local_rwth/sw/gcc/11.2.0 --with-gmp-lib=/dev/shm/jprotze/gcc-build/build/destdir/usr/local_rwth/sw/gcc/11.2.0/lib64 --with-mpfr=/dev/shm/jprotze/gcc-build/build/destdir/usr/local_rwth/sw/gcc/11.2.0 --with-mpfr-lib=/dev/shm/jprotze/gcc-build/build/destdir/usr/local_rwth/sw/gcc/11.2.0/lib64 --with-mpc=/dev/shm/jprotze/gcc-build/build/destdir/usr/local_rwth/sw/gcc/11.2.0 --with-mpc-lib=/dev/shm/jprotze/gcc-build/build/destdir/usr/local_rwth/sw/gcc/11.2.0/lib64 --with-ppl=/dev/shm/jprotze/gcc-build/build/destdir/usr/local_rwth/sw/gcc/11.2.0 --with-isl --with-default-libstdcxx-abi=gcc4-compatible LDFLAGS='-Wl,-rpath,/usr/local_rwth/sw/gcc/11.2.0/lib64 -Wl,-rpath,/usr/local_rwth/sw/gcc/11.2.0/lib'
Thread model: posix
Supported LTO compression algorithms: zlib
gcc version 11.2.0 (GCC) 
COLLECT_GCC_OPTIONS='-v' '-o' 'CMakeFiles/cmTC_485b3.dir/CMakeCXXCompilerABI.cpp.o' '-c' '-shared-libgcc' '-mtune=generic' '-march=x86-64' '-dumpdir' 'CMakeFiles/cmTC_485b3.dir/'
 /usr/local_rwth/sw/gcc/11.2.0/libexec/gcc/x86_64-pc-linux-gnu/11.2.0/cc1plus -quiet -v -iprefix /rwthfs/rz/SW/gcc/CENTOS-7.3/11.2.0/bin/../lib/gcc/x86_64-pc-linux-gnu/11.2.0/ -isystem /cvmfs/sft.cern.ch/lcg/releases/gcc/11.1.0-e80bf/x86_64-centos7/include -D_GNU_SOURCE /cvmfs/sft.cern.ch/lcg/releases/CMake/3.20.0-790a8/x86_64-centos7-gcc11-opt/share/cmake-3.20/Modules/CMakeCXXCompilerABI.cpp -quiet -dumpdir CMakeFiles/cmTC_485b3.dir/ -dumpbase CMakeCXXCompilerABI.cpp.cpp -dumpbase-ext .cpp -mtune=generic -march=x86-64 -version -o /tmp/op115134/login18-4_72757/cc3YPxFG.s
GNU C++17 (GCC) version 11.2.0 (x86_64-pc-linux-gnu)
	compiled by GNU C version 11.2.0, GMP version 6.2.1, MPFR version 4.1.0, MPC version 1.2.1, isl version isl-0.24-GMP

GGC heuristics: --param ggc-min-expand=100 --param ggc-min-heapsize=131072
ignoring nonexistent directory "/rwthfs/rz/SW/gcc/CENTOS-7.3/11.2.0/bin/../lib/gcc/x86_64-pc-linux-gnu/11.2.0/../../../../x86_64-pc-linux-gnu/include"
ignoring duplicate directory "/rwthfs/rz/SW/gcc/CENTOS-7.3/11.2.0/bin/../lib/gcc/../../lib/gcc/x86_64-pc-linux-gnu/11.2.0/../../../../include/c++/11.2.0"
ignoring duplicate directory "/rwthfs/rz/SW/gcc/CENTOS-7.3/11.2.0/bin/../lib/gcc/../../lib/gcc/x86_64-pc-linux-gnu/11.2.0/../../../../include/c++/11.2.0/x86_64-pc-linux-gnu"
ignoring duplicate directory "/rwthfs/rz/SW/gcc/CENTOS-7.3/11.2.0/bin/../lib/gcc/../../lib/gcc/x86_64-pc-linux-gnu/11.2.0/../../../../include/c++/11.2.0/backward"
ignoring duplicate directory "/rwthfs/rz/SW/gcc/CENTOS-7.3/11.2.0/bin/../lib/gcc/../../lib/gcc/x86_64-pc-linux-gnu/11.2.0/include"
ignoring duplicate directory "/rwthfs/rz/SW/gcc/CENTOS-7.3/11.2.0/bin/../lib/gcc/../../lib/gcc/x86_64-pc-linux-gnu/11.2.0/include-fixed"
ignoring nonexistent directory "/rwthfs/rz/SW/gcc/CENTOS-7.3/11.2.0/bin/../lib/gcc/../../lib/gcc/x86_64-pc-linux-gnu/11.2.0/../../../../x86_64-pc-linux-gnu/include"
ignoring duplicate directory "/usr/local_rwth/sw/gcc/11.2.0/include"
  as it is a non-system directory that duplicates a system directory
#include "..." search starts here:
#include <...> search starts here:
 /cvmfs/sft.cern.ch/lcg/releases/gcc/11.1.0-e80bf/x86_64-centos7/include
 /cvmfs/sft.cern.ch/lcg/views/LCG_101/x86_64-centos7-gcc11-opt/include
 /rwthfs/rz/SW/gcc/CENTOS-7.3/11.2.0/bin/../lib/gcc/x86_64-pc-linux-gnu/11.2.0/../../../../include/c++/11.2.0
 /rwthfs/rz/SW/gcc/CENTOS-7.3/11.2.0/bin/../lib/gcc/x86_64-pc-linux-gnu/11.2.0/../../../../include/c++/11.2.0/x86_64-pc-linux-gnu
 /rwthfs/rz/SW/gcc/CENTOS-7.3/11.2.0/bin/../lib/gcc/x86_64-pc-linux-gnu/11.2.0/../../../../include/c++/11.2.0/backward
 /rwthfs/rz/SW/gcc/CENTOS-7.3/11.2.0/bin/../lib/gcc/x86_64-pc-linux-gnu/11.2.0/include
 /rwthfs/rz/SW/gcc/CENTOS-7.3/11.2.0/bin/../lib/gcc/x86_64-pc-linux-gnu/11.2.0/include-fixed
 /usr/local/include
 /rwthfs/rz/SW/gcc/CENTOS-7.3/11.2.0/bin/../lib/gcc/../../include
 /usr/include
End of search list.
GNU C++17 (GCC) version 11.2.0 (x86_64-pc-linux-gnu)
	compiled by GNU C version 11.2.0, GMP version 6.2.1, MPFR version 4.1.0, MPC version 1.2.1, isl version isl-0.24-GMP

GGC heuristics: --param ggc-min-expand=100 --param ggc-min-heapsize=131072
Compiler executable checksum: c42c55cc05f347878d92d36eb4e40242
COLLECT_GCC_OPTIONS='-v' '-o' 'CMakeFiles/cmTC_485b3.dir/CMakeCXXCompilerABI.cpp.o' '-c' '-shared-libgcc' '-mtune=generic' '-march=x86-64' '-dumpdir' 'CMakeFiles/cmTC_485b3.dir/'
 as -v --64 -o CMakeFiles/cmTC_485b3.dir/CMakeCXXCompilerABI.cpp.o /tmp/op115134/login18-4_72757/cc3YPxFG.s
GNU assembler version 2.36.1 (x86_64-pc-linux-gnu) using BFD version (GNU Binutils) 2.36.1
COMPILER_PATH=/usr/local_rwth/sw/gcc/11.2.0/libexec/gcc/x86_64-pc-linux-gnu/11.2.0/:/usr/local_rwth/sw/gcc/11.2.0/libexec/gcc/:/cvmfs/sft.cern.ch/lcg/releases/gcc/11.1.0-e80bf/x86_64-centos7/
LIBRARY_PATH=/usr/local_rwth/sw/gcc/11.2.0/lib/gcc/x86_64-pc-linux-gnu/11.2.0/:/usr/local_rwth/sw/gcc/11.2.0/lib/gcc/:/usr/local_rwth/sw/gcc/11.2.0/lib64/../lib64/:/usr/local_rwth/sw/gcc/11.2.0/lib/../lib64/:/cvmfs/sft.cern.ch/lcg/views/LCG_101/x86_64-centos7-gcc11-opt/lib/../lib64/:/cvmfs/sft.cern.ch/lcg/views/LCG_101/x86_64-centos7-gcc11-opt/lib64/../lib64/:/rwthfs/rz/SW/gcc/CENTOS-7.3/11.2.0/bin/../lib/gcc/x86_64-pc-linux-gnu/11.2.0/../../../../lib64/:/lib/../lib64/:/usr/lib/../lib64/:/usr/local_rwth/sw/gcc/11.2.0/lib64/:/usr/local_rwth/sw/gcc/11.2.0/lib/:/opt/MPI/openmpi-4.1.1/linux/gcc_11.2.0/lib/:/cvmfs/sft.cern.ch/lcg/views/LCG_101/x86_64-centos7-gcc11-opt/lib/:/cvmfs/sft.cern.ch/lcg/views/LCG_101/x86_64-centos7-gcc11-opt/lib64/:/rwthfs/rz/SW/gcc/CENTOS-7.3/11.2.0/bin/../lib/gcc/x86_64-pc-linux-gnu/11.2.0/../../../:/lib/:/usr/lib/
COLLECT_GCC_OPTIONS='-v' '-o' 'CMakeFiles/cmTC_485b3.dir/CMakeCXXCompilerABI.cpp.o' '-c' '-shared-libgcc' '-mtune=generic' '-march=x86-64' '-dumpdir' 'CMakeFiles/cmTC_485b3.dir/CMakeCXXCompilerABI.cpp.'
Linking CXX executable cmTC_485b3
/cvmfs/sft.cern.ch/lcg/releases/CMake/3.20.0-790a8/x86_64-centos7-gcc11-opt/bin/cmake -E cmake_link_script CMakeFiles/cmTC_485b3.dir/link.txt --verbose=1
/usr/local_rwth/sw/gcc/11.2.0/bin/g++  -v -rdynamic CMakeFiles/cmTC_485b3.dir/CMakeCXXCompilerABI.cpp.o -o cmTC_485b3 
Using built-in specs.
COLLECT_GCC=/usr/local_rwth/sw/gcc/11.2.0/bin/g++
COLLECT_LTO_WRAPPER=/usr/local_rwth/sw/gcc/11.2.0/libexec/gcc/x86_64-pc-linux-gnu/11.2.0/lto-wrapper
OFFLOAD_TARGET_NAMES=nvptx-none
Target: x86_64-pc-linux-gnu
Configured with: ../../SOURCES/gcc-11.2.0/configure --prefix=/usr/local_rwth/sw/gcc/11.2.0 --enable-offload-targets=nvptx-none --enable-languages=c,c++,objc,obj-c++,fortran --enable-lto --enable-install-libiberty --with-gmp=/dev/shm/jprotze/gcc-build/build/destdir/usr/local_rwth/sw/gcc/11.2.0 --with-gmp-lib=/dev/shm/jprotze/gcc-build/build/destdir/usr/local_rwth/sw/gcc/11.2.0/lib64 --with-mpfr=/dev/shm/jprotze/gcc-build/build/destdir/usr/local_rwth/sw/gcc/11.2.0 --with-mpfr-lib=/dev/shm/jprotze/gcc-build/build/destdir/usr/local_rwth/sw/gcc/11.2.0/lib64 --with-mpc=/dev/shm/jprotze/gcc-build/build/destdir/usr/local_rwth/sw/gcc/11.2.0 --with-mpc-lib=/dev/shm/jprotze/gcc-build/build/destdir/usr/local_rwth/sw/gcc/11.2.0/lib64 --with-ppl=/dev/shm/jprotze/gcc-build/build/destdir/usr/local_rwth/sw/gcc/11.2.0 --with-isl --with-default-libstdcxx-abi=gcc4-compatible LDFLAGS='-Wl,-rpath,/usr/local_rwth/sw/gcc/11.2.0/lib64 -Wl,-rpath,/usr/local_rwth/sw/gcc/11.2.0/lib'
Thread model: posix
Supported LTO compression algorithms: zlib
gcc version 11.2.0 (GCC) 
COMPILER_PATH=/usr/local_rwth/sw/gcc/11.2.0/libexec/gcc/x86_64-pc-linux-gnu/11.2.0/:/usr/local_rwth/sw/gcc/11.2.0/libexec/gcc/:/cvmfs/sft.cern.ch/lcg/releases/gcc/11.1.0-e80bf/x86_64-centos7/
LIBRARY_PATH=/usr/local_rwth/sw/gcc/11.2.0/lib/gcc/x86_64-pc-linux-gnu/11.2.0/:/usr/local_rwth/sw/gcc/11.2.0/lib/gcc/:/usr/local_rwth/sw/gcc/11.2.0/lib64/../lib64/:/usr/local_rwth/sw/gcc/11.2.0/lib/../lib64/:/cvmfs/sft.cern.ch/lcg/views/LCG_101/x86_64-centos7-gcc11-opt/lib/../lib64/:/cvmfs/sft.cern.ch/lcg/views/LCG_101/x86_64-centos7-gcc11-opt/lib64/../lib64/:/rwthfs/rz/SW/gcc/CENTOS-7.3/11.2.0/bin/../lib/gcc/x86_64-pc-linux-gnu/11.2.0/../../../../lib64/:/lib/../lib64/:/usr/lib/../lib64/:/usr/local_rwth/sw/gcc/11.2.0/lib64/:/usr/local_rwth/sw/gcc/11.2.0/lib/:/opt/MPI/openmpi-4.1.1/linux/gcc_11.2.0/lib/:/cvmfs/sft.cern.ch/lcg/views/LCG_101/x86_64-centos7-gcc11-opt/lib/:/cvmfs/sft.cern.ch/lcg/views/LCG_101/x86_64-centos7-gcc11-opt/lib64/:/rwthfs/rz/SW/gcc/CENTOS-7.3/11.2.0/bin/../lib/gcc/x86_64-pc-linux-gnu/11.2.0/../../../:/lib/:/usr/lib/
COLLECT_GCC_OPTIONS='-v' '-rdynamic' '-o' 'cmTC_485b3' '-shared-libgcc' '-mtune=generic' '-march=x86-64' '-dumpdir' 'cmTC_485b3.'
 /usr/local_rwth/sw/gcc/11.2.0/libexec/gcc/x86_64-pc-linux-gnu/11.2.0/collect2 -plugin /usr/local_rwth/sw/gcc/11.2.0/libexec/gcc/x86_64-pc-linux-gnu/11.2.0/liblto_plugin.so -plugin-opt=/usr/local_rwth/sw/gcc/11.2.0/libexec/gcc/x86_64-pc-linux-gnu/11.2.0/lto-wrapper -plugin-opt=-fresolution=/tmp/op115134/login18-4_72757/cc0v0vXQ.res -plugin-opt=-pass-through=-lgcc_s -plugin-opt=-pass-through=-lgcc -plugin-opt=-pass-through=-lc -plugin-opt=-pass-through=-lgcc_s -plugin-opt=-pass-through=-lgcc --eh-frame-hdr -m elf_x86_64 -export-dynamic -dynamic-linker /lib64/ld-linux-x86-64.so.2 -o cmTC_485b3 /lib/../lib64/crt1.o /lib/../lib64/crti.o /usr/local_rwth/sw/gcc/11.2.0/lib/gcc/x86_64-pc-linux-gnu/11.2.0/crtbegin.o -L/usr/local_rwth/sw/gcc/11.2.0/lib/gcc/x86_64-pc-linux-gnu/11.2.0 -L/usr/local_rwth/sw/gcc/11.2.0/lib/gcc -L/usr/local_rwth/sw/gcc/11.2.0/lib64/../lib64 -L/usr/local_rwth/sw/gcc/11.2.0/lib/../lib64 -L/cvmfs/sft.cern.ch/lcg/views/LCG_101/x86_64-centos7-gcc11-opt/lib/../lib64 -L/cvmfs/sft.cern.ch/lcg/views/LCG_101/x86_64-centos7-gcc11-opt/lib64/../lib64 -L/rwthfs/rz/SW/gcc/CENTOS-7.3/11.2.0/bin/../lib/gcc/x86_64-pc-linux-gnu/11.2.0/../../../../lib64 -L/lib/../lib64 -L/usr/lib/../lib64 -L/usr/local_rwth/sw/gcc/11.2.0/lib64 -L/usr/local_rwth/sw/gcc/11.2.0/lib -L/opt/MPI/openmpi-4.1.1/linux/gcc_11.2.0/lib -L/cvmfs/sft.cern.ch/lcg/views/LCG_101/x86_64-centos7-gcc11-opt/lib -L/cvmfs/sft.cern.ch/lcg/views/LCG_101/x86_64-centos7-gcc11-opt/lib64 -L/rwthfs/rz/SW/gcc/CENTOS-7.3/11.2.0/bin/../lib/gcc/x86_64-pc-linux-gnu/11.2.0/../../.. CMakeFiles/cmTC_485b3.dir/CMakeCXXCompilerABI.cpp.o -lstdc++ -lm -lgcc_s -lgcc -lc -lgcc_s -lgcc /usr/local_rwth/sw/gcc/11.2.0/lib/gcc/x86_64-pc-linux-gnu/11.2.0/crtend.o /lib/../lib64/crtn.o
COLLECT_GCC_OPTIONS='-v' '-rdynamic' '-o' 'cmTC_485b3' '-shared-libgcc' '-mtune=generic' '-march=x86-64' '-dumpdir' 'cmTC_485b3.'
gmake[1]: Leaving directory `/rwthfs/rz/cluster/home/op115134/Software/YasamanAnalysis/Programs/MeasuringTime/CMakeFiles/CMakeTmp'



Parsed CXX implicit include dir info from above output: rv=done
  found start of include info
  found start of implicit include info
    add: [/cvmfs/sft.cern.ch/lcg/releases/gcc/11.1.0-e80bf/x86_64-centos7/include]
    add: [/cvmfs/sft.cern.ch/lcg/views/LCG_101/x86_64-centos7-gcc11-opt/include]
    add: [/rwthfs/rz/SW/gcc/CENTOS-7.3/11.2.0/bin/../lib/gcc/x86_64-pc-linux-gnu/11.2.0/../../../../include/c++/11.2.0]
    add: [/rwthfs/rz/SW/gcc/CENTOS-7.3/11.2.0/bin/../lib/gcc/x86_64-pc-linux-gnu/11.2.0/../../../../include/c++/11.2.0/x86_64-pc-linux-gnu]
    add: [/rwthfs/rz/SW/gcc/CENTOS-7.3/11.2.0/bin/../lib/gcc/x86_64-pc-linux-gnu/11.2.0/../../../../include/c++/11.2.0/backward]
    add: [/rwthfs/rz/SW/gcc/CENTOS-7.3/11.2.0/bin/../lib/gcc/x86_64-pc-linux-gnu/11.2.0/include]
    add: [/rwthfs/rz/SW/gcc/CENTOS-7.3/11.2.0/bin/../lib/gcc/x86_64-pc-linux-gnu/11.2.0/include-fixed]
    add: [/usr/local/include]
    add: [/rwthfs/rz/SW/gcc/CENTOS-7.3/11.2.0/bin/../lib/gcc/../../include]
    add: [/usr/include]
  end of search list found
  collapse include dir [/cvmfs/sft.cern.ch/lcg/releases/gcc/11.1.0-e80bf/x86_64-centos7/include] ==> [/cvmfs/sft.cern.ch/lcg/releases/gcc/11.1.0-e80bf/x86_64-centos7/include]
  collapse include dir [/cvmfs/sft.cern.ch/lcg/views/LCG_101/x86_64-centos7-gcc11-opt/include] ==> [/cvmfs/sft.cern.ch/lcg/views/LCG_101/x86_64-centos7-gcc11-opt/include]
  collapse include dir [/rwthfs/rz/SW/gcc/CENTOS-7.3/11.2.0/bin/../lib/gcc/x86_64-pc-linux-gnu/11.2.0/../../../../include/c++/11.2.0] ==> [/rwthfs/rz/SW/gcc/CENTOS-7.3/11.2.0/include/c++/11.2.0]
  collapse include dir [/rwthfs/rz/SW/gcc/CENTOS-7.3/11.2.0/bin/../lib/gcc/x86_64-pc-linux-gnu/11.2.0/../../../../include/c++/11.2.0/x86_64-pc-linux-gnu] ==> [/rwthfs/rz/SW/gcc/CENTOS-7.3/11.2.0/include/c++/11.2.0/x86_64-pc-linux-gnu]
  collapse include dir [/rwthfs/rz/SW/gcc/CENTOS-7.3/11.2.0/bin/../lib/gcc/x86_64-pc-linux-gnu/11.2.0/../../../../include/c++/11.2.0/backward] ==> [/rwthfs/rz/SW/gcc/CENTOS-7.3/11.2.0/include/c++/11.2.0/backward]
  collapse include dir [/rwthfs/rz/SW/gcc/CENTOS-7.3/11.2.0/bin/../lib/gcc/x86_64-pc-linux-gnu/11.2.0/include] ==> [/rwthfs/rz/SW/gcc/CENTOS-7.3/11.2.0/lib/gcc/x86_64-pc-linux-gnu/11.2.0/include]
  collapse include dir [/rwthfs/rz/SW/gcc/CENTOS-7.3/11.2.0/bin/../lib/gcc/x86_64-pc-linux-gnu/11.2.0/include-fixed] ==> [/rwthfs/rz/SW/gcc/CENTOS-7.3/11.2.0/lib/gcc/x86_64-pc-linux-gnu/11.2.0/include-fixed]
  collapse include dir [/usr/local/include] ==> [/usr/local/include]
  collapse include dir [/rwthfs/rz/SW/gcc/CENTOS-7.3/11.2.0/bin/../lib/gcc/../../include] ==> [/rwthfs/rz/SW/gcc/CENTOS-7.3/11.2.0/include]
  collapse include dir [/usr/include] ==> [/usr/include]
  implicit include dirs: [/cvmfs/sft.cern.ch/lcg/releases/gcc/11.1.0-e80bf/x86_64-centos7/include;/cvmfs/sft.cern.ch/lcg/views/LCG_101/x86_64-centos7-gcc11-opt/include;/rwthfs/rz/SW/gcc/CENTOS-7.3/11.2.0/include/c++/11.2.0;/rwthfs/rz/SW/gcc/CENTOS-7.3/11.2.0/include/c++/11.2.0/x86_64-pc-linux-gnu;/rwthfs/rz/SW/gcc/CENTOS-7.3/11.2.0/include/c++/11.2.0/backward;/rwthfs/rz/SW/gcc/CENTOS-7.3/11.2.0/lib/gcc/x86_64-pc-linux-gnu/11.2.0/include;/rwthfs/rz/SW/gcc/CENTOS-7.3/11.2.0/lib/gcc/x86_64-pc-linux-gnu/11.2.0/include-fixed;/usr/local/include;/rwthfs/rz/SW/gcc/CENTOS-7.3/11.2.0/include;/usr/include]


Parsed CXX implicit link information from above output:
  link line regex: [^( *|.*[/\])(ld|CMAKE_LINK_STARTFILE-NOTFOUND|([^/\]+-)?ld|collect2)[^/\]*( |$)]
  ignore line: [Change Dir: /home/op115134/Software/YasamanAnalysis/Programs/MeasuringTime/CMakeFiles/CMakeTmp]
  ignore line: []
  ignore line: [Run Build Command(s):/usr/local_rwth/bin/gmake -f Makefile cmTC_485b3/fast && /usr/local_rwth/bin/gmake  -f CMakeFiles/cmTC_485b3.dir/build.make CMakeFiles/cmTC_485b3.dir/build]
  ignore line: [gmake[1]: Entering directory `/rwthfs/rz/cluster/home/op115134/Software/YasamanAnalysis/Programs/MeasuringTime/CMakeFiles/CMakeTmp']
  ignore line: [Building CXX object CMakeFiles/cmTC_485b3.dir/CMakeCXXCompilerABI.cpp.o]
  ignore line: [/usr/local_rwth/sw/gcc/11.2.0/bin/g++   -v -o CMakeFiles/cmTC_485b3.dir/CMakeCXXCompilerABI.cpp.o -c /cvmfs/sft.cern.ch/lcg/releases/CMake/3.20.0-790a8/x86_64-centos7-gcc11-opt/share/cmake-3.20/Modules/CMakeCXXCompilerABI.cpp]
  ignore line: [Using built-in specs.]
  ignore line: [COLLECT_GCC=/usr/local_rwth/sw/gcc/11.2.0/bin/g++]
  ignore line: [OFFLOAD_TARGET_NAMES=nvptx-none]
  ignore line: [Target: x86_64-pc-linux-gnu]
  ignore line: [Configured with: ../../SOURCES/gcc-11.2.0/configure --prefix=/usr/local_rwth/sw/gcc/11.2.0 --enable-offload-targets=nvptx-none --enable-languages=c c++ objc obj-c++ fortran --enable-lto --enable-install-libiberty --with-gmp=/dev/shm/jprotze/gcc-build/build/destdir/usr/local_rwth/sw/gcc/11.2.0 --with-gmp-lib=/dev/shm/jprotze/gcc-build/build/destdir/usr/local_rwth/sw/gcc/11.2.0/lib64 --with-mpfr=/dev/shm/jprotze/gcc-build/build/destdir/usr/local_rwth/sw/gcc/11.2.0 --with-mpfr-lib=/dev/shm/jprotze/gcc-build/build/destdir/usr/local_rwth/sw/gcc/11.2.0/lib64 --with-mpc=/dev/shm/jprotze/gcc-build/build/destdir/usr/local_rwth/sw/gcc/11.2.0 --with-mpc-lib=/dev/shm/jprotze/gcc-build/build/destdir/usr/local_rwth/sw/gcc/11.2.0/lib64 --with-ppl=/dev/shm/jprotze/gcc-build/build/destdir/usr/local_rwth/sw/gcc/11.2.0 --with-isl --with-default-libstdcxx-abi=gcc4-compatible LDFLAGS='-Wl -rpath /usr/local_rwth/sw/gcc/11.2.0/lib64 -Wl -rpath /usr/local_rwth/sw/gcc/11.2.0/lib']
  ignore line: [Thread model: posix]
  ignore line: [Supported LTO compression algorithms: zlib]
  ignore line: [gcc version 11.2.0 (GCC) ]
  ignore line: [COLLECT_GCC_OPTIONS='-v' '-o' 'CMakeFiles/cmTC_485b3.dir/CMakeCXXCompilerABI.cpp.o' '-c' '-shared-libgcc' '-mtune=generic' '-march=x86-64' '-dumpdir' 'CMakeFiles/cmTC_485b3.dir/']
  ignore line: [ /usr/local_rwth/sw/gcc/11.2.0/libexec/gcc/x86_64-pc-linux-gnu/11.2.0/cc1plus -quiet -v -iprefix /rwthfs/rz/SW/gcc/CENTOS-7.3/11.2.0/bin/../lib/gcc/x86_64-pc-linux-gnu/11.2.0/ -isystem /cvmfs/sft.cern.ch/lcg/releases/gcc/11.1.0-e80bf/x86_64-centos7/include -D_GNU_SOURCE /cvmfs/sft.cern.ch/lcg/releases/CMake/3.20.0-790a8/x86_64-centos7-gcc11-opt/share/cmake-3.20/Modules/CMakeCXXCompilerABI.cpp -quiet -dumpdir CMakeFiles/cmTC_485b3.dir/ -dumpbase CMakeCXXCompilerABI.cpp.cpp -dumpbase-ext .cpp -mtune=generic -march=x86-64 -version -o /tmp/op115134/login18-4_72757/cc3YPxFG.s]
  ignore line: [GNU C++17 (GCC) version 11.2.0 (x86_64-pc-linux-gnu)]
  ignore line: [	compiled by GNU C version 11.2.0  GMP version 6.2.1  MPFR version 4.1.0  MPC version 1.2.1  isl version isl-0.24-GMP]
  ignore line: []
  ignore line: [GGC heuristics: --param ggc-min-expand=100 --param ggc-min-heapsize=131072]
  ignore line: [ignoring nonexistent directory "/rwthfs/rz/SW/gcc/CENTOS-7.3/11.2.0/bin/../lib/gcc/x86_64-pc-linux-gnu/11.2.0/../../../../x86_64-pc-linux-gnu/include"]
  ignore line: [ignoring duplicate directory "/rwthfs/rz/SW/gcc/CENTOS-7.3/11.2.0/bin/../lib/gcc/../../lib/gcc/x86_64-pc-linux-gnu/11.2.0/../../../../include/c++/11.2.0"]
  ignore line: [ignoring duplicate directory "/rwthfs/rz/SW/gcc/CENTOS-7.3/11.2.0/bin/../lib/gcc/../../lib/gcc/x86_64-pc-linux-gnu/11.2.0/../../../../include/c++/11.2.0/x86_64-pc-linux-gnu"]
  ignore line: [ignoring duplicate directory "/rwthfs/rz/SW/gcc/CENTOS-7.3/11.2.0/bin/../lib/gcc/../../lib/gcc/x86_64-pc-linux-gnu/11.2.0/../../../../include/c++/11.2.0/backward"]
  ignore line: [ignoring duplicate directory "/rwthfs/rz/SW/gcc/CENTOS-7.3/11.2.0/bin/../lib/gcc/../../lib/gcc/x86_64-pc-linux-gnu/11.2.0/include"]
  ignore line: [ignoring duplicate directory "/rwthfs/rz/SW/gcc/CENTOS-7.3/11.2.0/bin/../lib/gcc/../../lib/gcc/x86_64-pc-linux-gnu/11.2.0/include-fixed"]
  ignore line: [ignoring nonexistent directory "/rwthfs/rz/SW/gcc/CENTOS-7.3/11.2.0/bin/../lib/gcc/../../lib/gcc/x86_64-pc-linux-gnu/11.2.0/../../../../x86_64-pc-linux-gnu/include"]
  ignore line: [ignoring duplicate directory "/usr/local_rwth/sw/gcc/11.2.0/include"]
  ignore line: [  as it is a non-system directory that duplicates a system directory]
  ignore line: [#include "..." search starts here:]
  ignore line: [#include <...> search starts here:]
  ignore line: [ /cvmfs/sft.cern.ch/lcg/releases/gcc/11.1.0-e80bf/x86_64-centos7/include]
  ignore line: [ /cvmfs/sft.cern.ch/lcg/views/LCG_101/x86_64-centos7-gcc11-opt/include]
  ignore line: [ /rwthfs/rz/SW/gcc/CENTOS-7.3/11.2.0/bin/../lib/gcc/x86_64-pc-linux-gnu/11.2.0/../../../../include/c++/11.2.0]
  ignore line: [ /rwthfs/rz/SW/gcc/CENTOS-7.3/11.2.0/bin/../lib/gcc/x86_64-pc-linux-gnu/11.2.0/../../../../include/c++/11.2.0/x86_64-pc-linux-gnu]
  ignore line: [ /rwthfs/rz/SW/gcc/CENTOS-7.3/11.2.0/bin/../lib/gcc/x86_64-pc-linux-gnu/11.2.0/../../../../include/c++/11.2.0/backward]
  ignore line: [ /rwthfs/rz/SW/gcc/CENTOS-7.3/11.2.0/bin/../lib/gcc/x86_64-pc-linux-gnu/11.2.0/include]
  ignore line: [ /rwthfs/rz/SW/gcc/CENTOS-7.3/11.2.0/bin/../lib/gcc/x86_64-pc-linux-gnu/11.2.0/include-fixed]
  ignore line: [ /usr/local/include]
  ignore line: [ /rwthfs/rz/SW/gcc/CENTOS-7.3/11.2.0/bin/../lib/gcc/../../include]
  ignore line: [ /usr/include]
  ignore line: [End of search list.]
  ignore line: [GNU C++17 (GCC) version 11.2.0 (x86_64-pc-linux-gnu)]
  ignore line: [	compiled by GNU C version 11.2.0  GMP version 6.2.1  MPFR version 4.1.0  MPC version 1.2.1  isl version isl-0.24-GMP]
  ignore line: []
  ignore line: [GGC heuristics: --param ggc-min-expand=100 --param ggc-min-heapsize=131072]
  ignore line: [Compiler executable checksum: c42c55cc05f347878d92d36eb4e40242]
  ignore line: [COLLECT_GCC_OPTIONS='-v' '-o' 'CMakeFiles/cmTC_485b3.dir/CMakeCXXCompilerABI.cpp.o' '-c' '-shared-libgcc' '-mtune=generic' '-march=x86-64' '-dumpdir' 'CMakeFiles/cmTC_485b3.dir/']
  ignore line: [ as -v --64 -o CMakeFiles/cmTC_485b3.dir/CMakeCXXCompilerABI.cpp.o /tmp/op115134/login18-4_72757/cc3YPxFG.s]
  ignore line: [GNU assembler version 2.36.1 (x86_64-pc-linux-gnu) using BFD version (GNU Binutils) 2.36.1]
  ignore line: [COMPILER_PATH=/usr/local_rwth/sw/gcc/11.2.0/libexec/gcc/x86_64-pc-linux-gnu/11.2.0/:/usr/local_rwth/sw/gcc/11.2.0/libexec/gcc/:/cvmfs/sft.cern.ch/lcg/releases/gcc/11.1.0-e80bf/x86_64-centos7/]
  ignore line: [LIBRARY_PATH=/usr/local_rwth/sw/gcc/11.2.0/lib/gcc/x86_64-pc-linux-gnu/11.2.0/:/usr/local_rwth/sw/gcc/11.2.0/lib/gcc/:/usr/local_rwth/sw/gcc/11.2.0/lib64/../lib64/:/usr/local_rwth/sw/gcc/11.2.0/lib/../lib64/:/cvmfs/sft.cern.ch/lcg/views/LCG_101/x86_64-centos7-gcc11-opt/lib/../lib64/:/cvmfs/sft.cern.ch/lcg/views/LCG_101/x86_64-centos7-gcc11-opt/lib64/../lib64/:/rwthfs/rz/SW/gcc/CENTOS-7.3/11.2.0/bin/../lib/gcc/x86_64-pc-linux-gnu/11.2.0/../../../../lib64/:/lib/../lib64/:/usr/lib/../lib64/:/usr/local_rwth/sw/gcc/11.2.0/lib64/:/usr/local_rwth/sw/gcc/11.2.0/lib/:/opt/MPI/openmpi-4.1.1/linux/gcc_11.2.0/lib/:/cvmfs/sft.cern.ch/lcg/views/LCG_101/x86_64-centos7-gcc11-opt/lib/:/cvmfs/sft.cern.ch/lcg/views/LCG_101/x86_64-centos7-gcc11-opt/lib64/:/rwthfs/rz/SW/gcc/CENTOS-7.3/11.2.0/bin/../lib/gcc/x86_64-pc-linux-gnu/11.2.0/../../../:/lib/:/usr/lib/]
  ignore line: [COLLECT_GCC_OPTIONS='-v' '-o' 'CMakeFiles/cmTC_485b3.dir/CMakeCXXCompilerABI.cpp.o' '-c' '-shared-libgcc' '-mtune=generic' '-march=x86-64' '-dumpdir' 'CMakeFiles/cmTC_485b3.dir/CMakeCXXCompilerABI.cpp.']
  ignore line: [Linking CXX executable cmTC_485b3]
  ignore line: [/cvmfs/sft.cern.ch/lcg/releases/CMake/3.20.0-790a8/x86_64-centos7-gcc11-opt/bin/cmake -E cmake_link_script CMakeFiles/cmTC_485b3.dir/link.txt --verbose=1]
  ignore line: [/usr/local_rwth/sw/gcc/11.2.0/bin/g++  -v -rdynamic CMakeFiles/cmTC_485b3.dir/CMakeCXXCompilerABI.cpp.o -o cmTC_485b3 ]
  ignore line: [Using built-in specs.]
  ignore line: [COLLECT_GCC=/usr/local_rwth/sw/gcc/11.2.0/bin/g++]
  ignore line: [COLLECT_LTO_WRAPPER=/usr/local_rwth/sw/gcc/11.2.0/libexec/gcc/x86_64-pc-linux-gnu/11.2.0/lto-wrapper]
  ignore line: [OFFLOAD_TARGET_NAMES=nvptx-none]
  ignore line: [Target: x86_64-pc-linux-gnu]
  ignore line: [Configured with: ../../SOURCES/gcc-11.2.0/configure --prefix=/usr/local_rwth/sw/gcc/11.2.0 --enable-offload-targets=nvptx-none --enable-languages=c c++ objc obj-c++ fortran --enable-lto --enable-install-libiberty --with-gmp=/dev/shm/jprotze/gcc-build/build/destdir/usr/local_rwth/sw/gcc/11.2.0 --with-gmp-lib=/dev/shm/jprotze/gcc-build/build/destdir/usr/local_rwth/sw/gcc/11.2.0/lib64 --with-mpfr=/dev/shm/jprotze/gcc-build/build/destdir/usr/local_rwth/sw/gcc/11.2.0 --with-mpfr-lib=/dev/shm/jprotze/gcc-build/build/destdir/usr/local_rwth/sw/gcc/11.2.0/lib64 --with-mpc=/dev/shm/jprotze/gcc-build/build/destdir/usr/local_rwth/sw/gcc/11.2.0 --with-mpc-lib=/dev/shm/jprotze/gcc-build/build/destdir/usr/local_rwth/sw/gcc/11.2.0/lib64 --with-ppl=/dev/shm/jprotze/gcc-build/build/destdir/usr/local_rwth/sw/gcc/11.2.0 --with-isl --with-default-libstdcxx-abi=gcc4-compatible LDFLAGS='-Wl -rpath /usr/local_rwth/sw/gcc/11.2.0/lib64 -Wl -rpath /usr/local_rwth/sw/gcc/11.2.0/lib']
  ignore line: [Thread model: posix]
  ignore line: [Supported LTO compression algorithms: zlib]
  ignore line: [gcc version 11.2.0 (GCC) ]
  ignore line: [COMPILER_PATH=/usr/local_rwth/sw/gcc/11.2.0/libexec/gcc/x86_64-pc-linux-gnu/11.2.0/:/usr/local_rwth/sw/gcc/11.2.0/libexec/gcc/:/cvmfs/sft.cern.ch/lcg/releases/gcc/11.1.0-e80bf/x86_64-centos7/]
  ignore line: [LIBRARY_PATH=/usr/local_rwth/sw/gcc/11.2.0/lib/gcc/x86_64-pc-linux-gnu/11.2.0/:/usr/local_rwth/sw/gcc/11.2.0/lib/gcc/:/usr/local_rwth/sw/gcc/11.2.0/lib64/../lib64/:/usr/local_rwth/sw/gcc/11.2.0/lib/../lib64/:/cvmfs/sft.cern.ch/lcg/views/LCG_101/x86_64-centos7-gcc11-opt/lib/../lib64/:/cvmfs/sft.cern.ch/lcg/views/LCG_101/x86_64-centos7-gcc11-opt/lib64/../lib64/:/rwthfs/rz/SW/gcc/CENTOS-7.3/11.2.0/bin/../lib/gcc/x86_64-pc-linux-gnu/11.2.0/../../../../lib64/:/lib/../lib64/:/usr/lib/../lib64/:/usr/local_rwth/sw/gcc/11.2.0/lib64/:/usr/local_rwth/sw/gcc/11.2.0/lib/:/opt/MPI/openmpi-4.1.1/linux/gcc_11.2.0/lib/:/cvmfs/sft.cern.ch/lcg/views/LCG_101/x86_64-centos7-gcc11-opt/lib/:/cvmfs/sft.cern.ch/lcg/views/LCG_101/x86_64-centos7-gcc11-opt/lib64/:/rwthfs/rz/SW/gcc/CENTOS-7.3/11.2.0/bin/../lib/gcc/x86_64-pc-linux-gnu/11.2.0/../../../:/lib/:/usr/lib/]
  ignore line: [COLLECT_GCC_OPTIONS='-v' '-rdynamic' '-o' 'cmTC_485b3' '-shared-libgcc' '-mtune=generic' '-march=x86-64' '-dumpdir' 'cmTC_485b3.']
  link line: [ /usr/local_rwth/sw/gcc/11.2.0/libexec/gcc/x86_64-pc-linux-gnu/11.2.0/collect2 -plugin /usr/local_rwth/sw/gcc/11.2.0/libexec/gcc/x86_64-pc-linux-gnu/11.2.0/liblto_plugin.so -plugin-opt=/usr/local_rwth/sw/gcc/11.2.0/libexec/gcc/x86_64-pc-linux-gnu/11.2.0/lto-wrapper -plugin-opt=-fresolution=/tmp/op115134/login18-4_72757/cc0v0vXQ.res -plugin-opt=-pass-through=-lgcc_s -plugin-opt=-pass-through=-lgcc -plugin-opt=-pass-through=-lc -plugin-opt=-pass-through=-lgcc_s -plugin-opt=-pass-through=-lgcc --eh-frame-hdr -m elf_x86_64 -export-dynamic -dynamic-linker /lib64/ld-linux-x86-64.so.2 -o cmTC_485b3 /lib/../lib64/crt1.o /lib/../lib64/crti.o /usr/local_rwth/sw/gcc/11.2.0/lib/gcc/x86_64-pc-linux-gnu/11.2.0/crtbegin.o -L/usr/local_rwth/sw/gcc/11.2.0/lib/gcc/x86_64-pc-linux-gnu/11.2.0 -L/usr/local_rwth/sw/gcc/11.2.0/lib/gcc -L/usr/local_rwth/sw/gcc/11.2.0/lib64/../lib64 -L/usr/local_rwth/sw/gcc/11.2.0/lib/../lib64 -L/cvmfs/sft.cern.ch/lcg/views/LCG_101/x86_64-centos7-gcc11-opt/lib/../lib64 -L/cvmfs/sft.cern.ch/lcg/views/LCG_101/x86_64-centos7-gcc11-opt/lib64/../lib64 -L/rwthfs/rz/SW/gcc/CENTOS-7.3/11.2.0/bin/../lib/gcc/x86_64-pc-linux-gnu/11.2.0/../../../../lib64 -L/lib/../lib64 -L/usr/lib/../lib64 -L/usr/local_rwth/sw/gcc/11.2.0/lib64 -L/usr/local_rwth/sw/gcc/11.2.0/lib -L/opt/MPI/openmpi-4.1.1/linux/gcc_11.2.0/lib -L/cvmfs/sft.cern.ch/lcg/views/LCG_101/x86_64-centos7-gcc11-opt/lib -L/cvmfs/sft.cern.ch/lcg/views/LCG_101/x86_64-centos7-gcc11-opt/lib64 -L/rwthfs/rz/SW/gcc/CENTOS-7.3/11.2.0/bin/../lib/gcc/x86_64-pc-linux-gnu/11.2.0/../../.. CMakeFiles/cmTC_485b3.dir/CMakeCXXCompilerABI.cpp.o -lstdc++ -lm -lgcc_s -lgcc -lc -lgcc_s -lgcc /usr/local_rwth/sw/gcc/11.2.0/lib/gcc/x86_64-pc-linux-gnu/11.2.0/crtend.o /lib/../lib64/crtn.o]
    arg [/usr/local_rwth/sw/gcc/11.2.0/libexec/gcc/x86_64-pc-linux-gnu/11.2.0/collect2] ==> ignore
    arg [-plugin] ==> ignore
    arg [/usr/local_rwth/sw/gcc/11.2.0/libexec/gcc/x86_64-pc-linux-gnu/11.2.0/liblto_plugin.so] ==> ignore
    arg [-plugin-opt=/usr/local_rwth/sw/gcc/11.2.0/libexec/gcc/x86_64-pc-linux-gnu/11.2.0/lto-wrapper] ==> ignore
    arg [-plugin-opt=-fresolution=/tmp/op115134/login18-4_72757/cc0v0vXQ.res] ==> ignore
    arg [-plugin-opt=-pass-through=-lgcc_s] ==> ignore
    arg [-plugin-opt=-pass-through=-lgcc] ==> ignore
    arg [-plugin-opt=-pass-through=-lc] ==> ignore
    arg [-plugin-opt=-pass-through=-lgcc_s] ==> ignore
    arg [-plugin-opt=-pass-through=-lgcc] ==> ignore
    arg [--eh-frame-hdr] ==> ignore
    arg [-m] ==> ignore
    arg [elf_x86_64] ==> ignore
    arg [-export-dynamic] ==> ignore
    arg [-dynamic-linker] ==> ignore
    arg [/lib64/ld-linux-x86-64.so.2] ==> ignore
    arg [-o] ==> ignore
    arg [cmTC_485b3] ==> ignore
    arg [/lib/../lib64/crt1.o] ==> ignore
    arg [/lib/../lib64/crti.o] ==> ignore
    arg [/usr/local_rwth/sw/gcc/11.2.0/lib/gcc/x86_64-pc-linux-gnu/11.2.0/crtbegin.o] ==> ignore
    arg [-L/usr/local_rwth/sw/gcc/11.2.0/lib/gcc/x86_64-pc-linux-gnu/11.2.0] ==> dir [/usr/local_rwth/sw/gcc/11.2.0/lib/gcc/x86_64-pc-linux-gnu/11.2.0]
    arg [-L/usr/local_rwth/sw/gcc/11.2.0/lib/gcc] ==> dir [/usr/local_rwth/sw/gcc/11.2.0/lib/gcc]
    arg [-L/usr/local_rwth/sw/gcc/11.2.0/lib64/../lib64] ==> dir [/usr/local_rwth/sw/gcc/11.2.0/lib64/../lib64]
    arg [-L/usr/local_rwth/sw/gcc/11.2.0/lib/../lib64] ==> dir [/usr/local_rwth/sw/gcc/11.2.0/lib/../lib64]
    arg [-L/cvmfs/sft.cern.ch/lcg/views/LCG_101/x86_64-centos7-gcc11-opt/lib/../lib64] ==> dir [/cvmfs/sft.cern.ch/lcg/views/LCG_101/x86_64-centos7-gcc11-opt/lib/../lib64]
    arg [-L/cvmfs/sft.cern.ch/lcg/views/LCG_101/x86_64-centos7-gcc11-opt/lib64/../lib64] ==> dir [/cvmfs/sft.cern.ch/lcg/views/LCG_101/x86_64-centos7-gcc11-opt/lib64/../lib64]
    arg [-L/rwthfs/rz/SW/gcc/CENTOS-7.3/11.2.0/bin/../lib/gcc/x86_64-pc-linux-gnu/11.2.0/../../../../lib64] ==> dir [/rwthfs/rz/SW/gcc/CENTOS-7.3/11.2.0/bin/../lib/gcc/x86_64-pc-linux-gnu/11.2.0/../../../../lib64]
    arg [-L/lib/../lib64] ==> dir [/lib/../lib64]
    arg [-L/usr/lib/../lib64] ==> dir [/usr/lib/../lib64]
    arg [-L/usr/local_rwth/sw/gcc/11.2.0/lib64] ==> dir [/usr/local_rwth/sw/gcc/11.2.0/lib64]
    arg [-L/usr/local_rwth/sw/gcc/11.2.0/lib] ==> dir [/usr/local_rwth/sw/gcc/11.2.0/lib]
    arg [-L/opt/MPI/openmpi-4.1.1/linux/gcc_11.2.0/lib] ==> dir [/opt/MPI/openmpi-4.1.1/linux/gcc_11.2.0/lib]
    arg [-L/cvmfs/sft.cern.ch/lcg/views/LCG_101/x86_64-centos7-gcc11-opt/lib] ==> dir [/cvmfs/sft.cern.ch/lcg/views/LCG_101/x86_64-centos7-gcc11-opt/lib]
    arg [-L/cvmfs/sft.cern.ch/lcg/views/LCG_101/x86_64-centos7-gcc11-opt/lib64] ==> dir [/cvmfs/sft.cern.ch/lcg/views/LCG_101/x86_64-centos7-gcc11-opt/lib64]
    arg [-L/rwthfs/rz/SW/gcc/CENTOS-7.3/11.2.0/bin/../lib/gcc/x86_64-pc-linux-gnu/11.2.0/../../..] ==> dir [/rwthfs/rz/SW/gcc/CENTOS-7.3/11.2.0/bin/../lib/gcc/x86_64-pc-linux-gnu/11.2.0/../../..]
    arg [CMakeFiles/cmTC_485b3.dir/CMakeCXXCompilerABI.cpp.o] ==> ignore
    arg [-lstdc++] ==> lib [stdc++]
    arg [-lm] ==> lib [m]
    arg [-lgcc_s] ==> lib [gcc_s]
    arg [-lgcc] ==> lib [gcc]
    arg [-lc] ==> lib [c]
    arg [-lgcc_s] ==> lib [gcc_s]
    arg [-lgcc] ==> lib [gcc]
    arg [/usr/local_rwth/sw/gcc/11.2.0/lib/gcc/x86_64-pc-linux-gnu/11.2.0/crtend.o] ==> ignore
    arg [/lib/../lib64/crtn.o] ==> ignore
  collapse library dir [/usr/local_rwth/sw/gcc/11.2.0/lib/gcc/x86_64-pc-linux-gnu/11.2.0] ==> [/usr/local_rwth/sw/gcc/11.2.0/lib/gcc/x86_64-pc-linux-gnu/11.2.0]
  collapse library dir [/usr/local_rwth/sw/gcc/11.2.0/lib/gcc] ==> [/usr/local_rwth/sw/gcc/11.2.0/lib/gcc]
  collapse library dir [/usr/local_rwth/sw/gcc/11.2.0/lib64/../lib64] ==> [/usr/local_rwth/sw/gcc/11.2.0/lib64]
  collapse library dir [/usr/local_rwth/sw/gcc/11.2.0/lib/../lib64] ==> [/usr/local_rwth/sw/gcc/11.2.0/lib64]
  collapse library dir [/cvmfs/sft.cern.ch/lcg/views/LCG_101/x86_64-centos7-gcc11-opt/lib/../lib64] ==> [/cvmfs/sft.cern.ch/lcg/views/LCG_101/x86_64-centos7-gcc11-opt/lib64]
  collapse library dir [/cvmfs/sft.cern.ch/lcg/views/LCG_101/x86_64-centos7-gcc11-opt/lib64/../lib64] ==> [/cvmfs/sft.cern.ch/lcg/views/LCG_101/x86_64-centos7-gcc11-opt/lib64]
  collapse library dir [/rwthfs/rz/SW/gcc/CENTOS-7.3/11.2.0/bin/../lib/gcc/x86_64-pc-linux-gnu/11.2.0/../../../../lib64] ==> [/rwthfs/rz/SW/gcc/CENTOS-7.3/11.2.0/lib64]
  collapse library dir [/lib/../lib64] ==> [/lib64]
  collapse library dir [/usr/lib/../lib64] ==> [/usr/lib64]
  collapse library dir [/usr/local_rwth/sw/gcc/11.2.0/lib64] ==> [/usr/local_rwth/sw/gcc/11.2.0/lib64]
  collapse library dir [/usr/local_rwth/sw/gcc/11.2.0/lib] ==> [/usr/local_rwth/sw/gcc/11.2.0/lib]
  collapse library dir [/opt/MPI/openmpi-4.1.1/linux/gcc_11.2.0/lib] ==> [/opt/MPI/openmpi-4.1.1/linux/gcc_11.2.0/lib]
  collapse library dir [/cvmfs/sft.cern.ch/lcg/views/LCG_101/x86_64-centos7-gcc11-opt/lib] ==> [/cvmfs/sft.cern.ch/lcg/views/LCG_101/x86_64-centos7-gcc11-opt/lib]
  collapse library dir [/cvmfs/sft.cern.ch/lcg/views/LCG_101/x86_64-centos7-gcc11-opt/lib64] ==> [/cvmfs/sft.cern.ch/lcg/views/LCG_101/x86_64-centos7-gcc11-opt/lib64]
  collapse library dir [/rwthfs/rz/SW/gcc/CENTOS-7.3/11.2.0/bin/../lib/gcc/x86_64-pc-linux-gnu/11.2.0/../../..] ==> [/rwthfs/rz/SW/gcc/CENTOS-7.3/11.2.0/lib]
  implicit libs: [stdc++;m;gcc_s;gcc;c;gcc_s;gcc]
  implicit dirs: [/usr/local_rwth/sw/gcc/11.2.0/lib/gcc/x86_64-pc-linux-gnu/11.2.0;/usr/local_rwth/sw/gcc/11.2.0/lib/gcc;/usr/local_rwth/sw/gcc/11.2.0/lib64;/cvmfs/sft.cern.ch/lcg/views/LCG_101/x86_64-centos7-gcc11-opt/lib64;/rwthfs/rz/SW/gcc/CENTOS-7.3/11.2.0/lib64;/lib64;/usr/lib64;/usr/local_rwth/sw/gcc/11.2.0/lib;/opt/MPI/openmpi-4.1.1/linux/gcc_11.2.0/lib;/cvmfs/sft.cern.ch/lcg/views/LCG_101/x86_64-centos7-gcc11-opt/lib;/rwthfs/rz/SW/gcc/CENTOS-7.3/11.2.0/lib]
  implicit fwks: []


